{"uuid":"0094c24d-05c0-4c57-a925-2bbded26cefe","historyId":"b5a7137a8045412f107c672647295e78","fullName":"pomDesignPatternTests.Tests.verifyInvalidWrongEmailErrorMessage","labels":[{"name":"package","value":"pomDesignPatternTests.Tests"},{"name":"testClass","value":"pomDesignPatternTests.Tests"},{"name":"testMethod","value":"verifyInvalidWrongEmailErrorMessage"},{"name":"parentSuite","value":"Default Suite"},{"name":"suite","value":"AssessmentTask"},{"name":"subSuite","value":"pomDesignPatternTests.Tests"},{"name":"host","value":"AZanoon"},{"name":"thread","value":"40832@AZanoon.main(1)"},{"name":"framework","value":"testng"},{"name":"language","value":"java"}],"links":[],"name":"verifyInvalidWrongEmailErrorMessage","status":"failed","statusDetails":{"known":false,"muted":false,"flaky":false,"message":"Navigate to url failed \"https://subscribe.stctv.com/en/user-status/\". Root cause: \"org.openqa.selenium.TimeoutException: Navigation timed out after 60000 ms\"","trace":"java.lang.AssertionError: Navigate to url failed \"https://subscribe.stctv.com/en/user-status/\". Root cause: \"org.openqa.selenium.TimeoutException: Navigation timed out after 60000 ms\"\r\n\tat org.testng.Assert.fail(Assert.java:99)\r\n\tat com.shaft.tools.io.internal.FailureReporter.fail(FailureReporter.java:38)\r\n\tat com.shaft.gui.browser.internal.BrowserActionsHelper.failAction(BrowserActionsHelper.java:66)\r\n\tat com.shaft.gui.browser.internal.BrowserActionsHelper.failAction(BrowserActionsHelper.java:59)\r\n\tat com.shaft.gui.browser.BrowserActions.navigateToURL(BrowserActions.java:356)\r\n\tat com.shaft.gui.browser.BrowserActions.navigateToURL(BrowserActions.java:267)\r\n\tat pages.LoginPage.navigateToSubscriptionHomePage(LoginPage.java:21)\r\n\tat pomDesignPatternTests.Tests.verifyInvalidWrongEmailErrorMessage(Tests.java:52)\r\n\tat java.base/jdk.internal.reflect.DirectMethodHandleAccessor.invoke(DirectMethodHandleAccessor.java:103)\r\n\tat java.base/java.lang.reflect.Method.invoke(Method.java:580)\r\n\tat org.testng.internal.invokers.MethodInvocationHelper.invokeMethod(MethodInvocationHelper.java:139)\r\n\tat org.testng.internal.invokers.TestInvoker.invokeMethod(TestInvoker.java:664)\r\n\tat org.testng.internal.invokers.TestInvoker.invokeTestMethod(TestInvoker.java:227)\r\n\tat org.testng.internal.invokers.MethodRunner.runInSequence(MethodRunner.java:50)\r\n\tat org.testng.internal.invokers.TestInvoker$MethodInvocationAgent.invoke(TestInvoker.java:957)\r\n\tat org.testng.internal.invokers.TestInvoker.invokeTestMethods(TestInvoker.java:200)\r\n\tat org.testng.internal.invokers.TestMethodWorker.invokeTestMethods(TestMethodWorker.java:148)\r\n\tat org.testng.internal.invokers.TestMethodWorker.run(TestMethodWorker.java:128)\r\n\tat java.base/java.util.ArrayList.forEach(ArrayList.java:1596)\r\n\tat org.testng.TestRunner.privateRun(TestRunner.java:848)\r\n\tat org.testng.TestRunner.run(TestRunner.java:621)\r\n\tat org.testng.SuiteRunner.runTest(SuiteRunner.java:443)\r\n\tat org.testng.SuiteRunner.runSequentially(SuiteRunner.java:437)\r\n\tat org.testng.SuiteRunner.privateRun(SuiteRunner.java:397)\r\n\tat org.testng.SuiteRunner.run(SuiteRunner.java:336)\r\n\tat org.testng.SuiteRunnerWorker.runSuite(SuiteRunnerWorker.java:52)\r\n\tat org.testng.SuiteRunnerWorker.run(SuiteRunnerWorker.java:95)\r\n\tat org.testng.TestNG.runSuitesSequentially(TestNG.java:1280)\r\n\tat org.testng.TestNG.runSuitesLocally(TestNG.java:1200)\r\n\tat org.testng.TestNG.runSuites(TestNG.java:1114)\r\n\tat org.testng.TestNG.run(TestNG.java:1082)\r\n\tat com.intellij.rt.testng.IDEARemoteTestNG.run(IDEARemoteTestNG.java:66)\r\n\tat com.intellij.rt.testng.RemoteTestNGStarter.main(RemoteTestNGStarter.java:105)\r\nCaused by: org.openqa.selenium.TimeoutException: Navigation timed out after 60000 ms\nBuild info: version: '4.16.1', revision: '9b4c83354e'\nSystem info: os.name: 'Windows 10', os.arch: 'amd64', os.version: '10.0', java.version: '21'\nDriver info: org.openqa.selenium.firefox.FirefoxDriver\nCommand: [34c5b9a6-e55c-4098-99fb-27173aaa08a2, get {url=https://subscribe.stctv.com/en/user-status/}]\nCapabilities {acceptInsecureCerts: true, browserName: firefox, browserVersion: 120.0.1, moz:accessibilityChecks: false, moz:buildID: 20231129155202, moz:debuggerAddress: 127.0.0.1:4911, moz:geckodriverVersion: 0.33.0, moz:headless: false, moz:platformVersion: 10.0, moz:processID: 10664, moz:profile: C:\\Users\\AHMEDZ~1\\AppData\\L..., moz:shutdownTimeout: 60000, moz:webdriverClick: true, moz:windowless: false, pageLoadStrategy: normal, platformName: windows, proxy: Proxy(), se:cdp: ws://127.0.0.1:4911/devtool..., se:cdpVersion: 85.0, setWindowRect: true, strictFileInteractability: false, timeouts: {implicit: 0, pageLoad: 60000, script: 60000}, unhandledPromptBehavior: dismiss and notify, webSocketUrl: ws://127.0.0.1:4911/session...}\nSession ID: 34c5b9a6-e55c-4098-99fb-27173aaa08a2\r\n\tat java.base/jdk.internal.reflect.DirectConstructorHandleAccessor.newInstance(DirectConstructorHandleAccessor.java:62)\r\n\tat java.base/java.lang.reflect.Constructor.newInstanceWithCaller(Constructor.java:502)\r\n\tat java.base/java.lang.reflect.Constructor.newInstance(Constructor.java:486)\r\n\tat org.openqa.selenium.remote.codec.w3c.W3CHttpResponseCodec.createException(W3CHttpResponseCodec.java:200)\r\n\tat org.openqa.selenium.remote.codec.w3c.W3CHttpResponseCodec.decode(W3CHttpResponseCodec.java:133)\r\n\tat org.openqa.selenium.remote.codec.w3c.W3CHttpResponseCodec.decode(W3CHttpResponseCodec.java:52)\r\n\tat org.openqa.selenium.remote.HttpCommandExecutor.execute(HttpCommandExecutor.java:191)\r\n\tat org.openqa.selenium.remote.service.DriverCommandExecutor.invokeExecute(DriverCommandExecutor.java:200)\r\n\tat org.openqa.selenium.remote.service.DriverCommandExecutor.execute(DriverCommandExecutor.java:175)\r\n\tat org.openqa.selenium.remote.RemoteWebDriver.execute(RemoteWebDriver.java:523)\r\n\tat org.openqa.selenium.remote.RemoteWebDriver.get(RemoteWebDriver.java:305)\r\n\tat org.openqa.selenium.remote.RemoteWebDriver$RemoteNavigation.to(RemoteWebDriver.java:1068)\r\n\tat com.shaft.gui.browser.internal.BrowserActionsHelper.navigateToNewUrl(BrowserActionsHelper.java:161)\r\n\tat com.shaft.gui.browser.BrowserActions.navigateToURL(BrowserActions.java:344)\r\n\t... 28 more\r\n"},"stage":"finished","steps":[{"name":"Navigation To Supscription Packages Page","status":"failed","statusDetails":{"known":false,"muted":false,"flaky":false,"message":"Navigate to url failed \"https://subscribe.stctv.com/en/user-status/\". Root cause: \"org.openqa.selenium.TimeoutException: Navigation timed out after 60000 ms\"","trace":"java.lang.AssertionError: Navigate to url failed \"https://subscribe.stctv.com/en/user-status/\". Root cause: \"org.openqa.selenium.TimeoutException: Navigation timed out after 60000 ms\"\r\n\tat org.testng.Assert.fail(Assert.java:99)\r\n\tat com.shaft.tools.io.internal.FailureReporter.fail(FailureReporter.java:38)\r\n\tat com.shaft.gui.browser.internal.BrowserActionsHelper.failAction(BrowserActionsHelper.java:66)\r\n\tat com.shaft.gui.browser.internal.BrowserActionsHelper.failAction(BrowserActionsHelper.java:59)\r\n\tat com.shaft.gui.browser.BrowserActions.navigateToURL(BrowserActions.java:356)\r\n\tat com.shaft.gui.browser.BrowserActions.navigateToURL(BrowserActions.java:267)\r\n\tat pages.LoginPage.navigateToSubscriptionHomePage(LoginPage.java:21)\r\n\tat pomDesignPatternTests.Tests.verifyInvalidWrongEmailErrorMessage(Tests.java:52)\r\n\tat java.base/jdk.internal.reflect.DirectMethodHandleAccessor.invoke(DirectMethodHandleAccessor.java:103)\r\n\tat java.base/java.lang.reflect.Method.invoke(Method.java:580)\r\n\tat org.testng.internal.invokers.MethodInvocationHelper.invokeMethod(MethodInvocationHelper.java:139)\r\n\tat org.testng.internal.invokers.TestInvoker.invokeMethod(TestInvoker.java:664)\r\n\tat org.testng.internal.invokers.TestInvoker.invokeTestMethod(TestInvoker.java:227)\r\n\tat org.testng.internal.invokers.MethodRunner.runInSequence(MethodRunner.java:50)\r\n\tat org.testng.internal.invokers.TestInvoker$MethodInvocationAgent.invoke(TestInvoker.java:957)\r\n\tat org.testng.internal.invokers.TestInvoker.invokeTestMethods(TestInvoker.java:200)\r\n\tat org.testng.internal.invokers.TestMethodWorker.invokeTestMethods(TestMethodWorker.java:148)\r\n\tat org.testng.internal.invokers.TestMethodWorker.run(TestMethodWorker.java:128)\r\n\tat java.base/java.util.ArrayList.forEach(ArrayList.java:1596)\r\n\tat org.testng.TestRunner.privateRun(TestRunner.java:848)\r\n\tat org.testng.TestRunner.run(TestRunner.java:621)\r\n\tat org.testng.SuiteRunner.runTest(SuiteRunner.java:443)\r\n\tat org.testng.SuiteRunner.runSequentially(SuiteRunner.java:437)\r\n\tat org.testng.SuiteRunner.privateRun(SuiteRunner.java:397)\r\n\tat org.testng.SuiteRunner.run(SuiteRunner.java:336)\r\n\tat org.testng.SuiteRunnerWorker.runSuite(SuiteRunnerWorker.java:52)\r\n\tat org.testng.SuiteRunnerWorker.run(SuiteRunnerWorker.java:95)\r\n\tat org.testng.TestNG.runSuitesSequentially(TestNG.java:1280)\r\n\tat org.testng.TestNG.runSuitesLocally(TestNG.java:1200)\r\n\tat org.testng.TestNG.runSuites(TestNG.java:1114)\r\n\tat org.testng.TestNG.run(TestNG.java:1082)\r\n\tat com.intellij.rt.testng.IDEARemoteTestNG.run(IDEARemoteTestNG.java:66)\r\n\tat com.intellij.rt.testng.RemoteTestNGStarter.main(RemoteTestNGStarter.java:105)\r\nCaused by: org.openqa.selenium.TimeoutException: Navigation timed out after 60000 ms\nBuild info: version: '4.16.1', revision: '9b4c83354e'\nSystem info: os.name: 'Windows 10', os.arch: 'amd64', os.version: '10.0', java.version: '21'\nDriver info: org.openqa.selenium.firefox.FirefoxDriver\nCommand: [34c5b9a6-e55c-4098-99fb-27173aaa08a2, get {url=https://subscribe.stctv.com/en/user-status/}]\nCapabilities {acceptInsecureCerts: true, browserName: firefox, browserVersion: 120.0.1, moz:accessibilityChecks: false, moz:buildID: 20231129155202, moz:debuggerAddress: 127.0.0.1:4911, moz:geckodriverVersion: 0.33.0, moz:headless: false, moz:platformVersion: 10.0, moz:processID: 10664, moz:profile: C:\\Users\\AHMEDZ~1\\AppData\\L..., moz:shutdownTimeout: 60000, moz:webdriverClick: true, moz:windowless: false, pageLoadStrategy: normal, platformName: windows, proxy: Proxy(), se:cdp: ws://127.0.0.1:4911/devtool..., se:cdpVersion: 85.0, setWindowRect: true, strictFileInteractability: false, timeouts: {implicit: 0, pageLoad: 60000, script: 60000}, unhandledPromptBehavior: dismiss and notify, webSocketUrl: ws://127.0.0.1:4911/session...}\nSession ID: 34c5b9a6-e55c-4098-99fb-27173aaa08a2\r\n\tat java.base/jdk.internal.reflect.DirectConstructorHandleAccessor.newInstance(DirectConstructorHandleAccessor.java:62)\r\n\tat java.base/java.lang.reflect.Constructor.newInstanceWithCaller(Constructor.java:502)\r\n\tat java.base/java.lang.reflect.Constructor.newInstance(Constructor.java:486)\r\n\tat org.openqa.selenium.remote.codec.w3c.W3CHttpResponseCodec.createException(W3CHttpResponseCodec.java:200)\r\n\tat org.openqa.selenium.remote.codec.w3c.W3CHttpResponseCodec.decode(W3CHttpResponseCodec.java:133)\r\n\tat org.openqa.selenium.remote.codec.w3c.W3CHttpResponseCodec.decode(W3CHttpResponseCodec.java:52)\r\n\tat org.openqa.selenium.remote.HttpCommandExecutor.execute(HttpCommandExecutor.java:191)\r\n\tat org.openqa.selenium.remote.service.DriverCommandExecutor.invokeExecute(DriverCommandExecutor.java:200)\r\n\tat org.openqa.selenium.remote.service.DriverCommandExecutor.execute(DriverCommandExecutor.java:175)\r\n\tat org.openqa.selenium.remote.RemoteWebDriver.execute(RemoteWebDriver.java:523)\r\n\tat org.openqa.selenium.remote.RemoteWebDriver.get(RemoteWebDriver.java:305)\r\n\tat org.openqa.selenium.remote.RemoteWebDriver$RemoteNavigation.to(RemoteWebDriver.java:1068)\r\n\tat com.shaft.gui.browser.internal.BrowserActionsHelper.navigateToNewUrl(BrowserActionsHelper.java:161)\r\n\tat com.shaft.gui.browser.BrowserActions.navigateToURL(BrowserActions.java:344)\r\n\t... 28 more\r\n"},"stage":"finished","steps":[{"name":"Navigate to url failed \"https://subscribe.stctv.com/en/user-status/\".","status":"passed","statusDetails":{"known":false,"muted":false,"flaky":false,"trace":"org.openqa.selenium.TimeoutException: Navigation timed out after 60000 ms\nBuild info: version: '4.16.1', revision: '9b4c83354e'\nSystem info: os.name: 'Windows 10', os.arch: 'amd64', os.version: '10.0', java.version: '21'\nDriver info: org.openqa.selenium.firefox.FirefoxDriver\nCommand: [34c5b9a6-e55c-4098-99fb-27173aaa08a2, get {url=https://subscribe.stctv.com/en/user-status/}]\nCapabilities {acceptInsecureCerts: true, browserName: firefox, browserVersion: 120.0.1, moz:accessibilityChecks: false, moz:buildID: 20231129155202, moz:debuggerAddress: 127.0.0.1:4911, moz:geckodriverVersion: 0.33.0, moz:headless: false, moz:platformVersion: 10.0, moz:processID: 10664, moz:profile: C:\\Users\\AHMEDZ~1\\AppData\\L..., moz:shutdownTimeout: 60000, moz:webdriverClick: true, moz:windowless: false, pageLoadStrategy: normal, platformName: windows, proxy: Proxy(), se:cdp: ws://127.0.0.1:4911/devtool..., se:cdpVersion: 85.0, setWindowRect: true, strictFileInteractability: false, timeouts: {implicit: 0, pageLoad: 60000, script: 60000}, unhandledPromptBehavior: dismiss and notify, webSocketUrl: ws://127.0.0.1:4911/session...}\nSession ID: 34c5b9a6-e55c-4098-99fb-27173aaa08a2\r\n java.base/jdk.internal.reflect.DirectConstructorHandleAccessor.newInstance(DirectConstructorHandleAccessor.java:62)\r\n java.base/java.lang.reflect.Constructor.newInstanceWithCaller(Constructor.java:502)\r\n java.base/java.lang.reflect.Constructor.newInstance(Constructor.java:486)\r\n org.openqa.selenium.remote.codec.w3c.W3CHttpResponseCodec.createException(W3CHttpResponseCodec.java:200)\r\n org.openqa.selenium.remote.codec.w3c.W3CHttpResponseCodec.decode(W3CHttpResponseCodec.java:133)\r\n org.openqa.selenium.remote.codec.w3c.W3CHttpResponseCodec.decode(W3CHttpResponseCodec.java:52)\r\n org.openqa.selenium.remote.HttpCommandExecutor.execute(HttpCommandExecutor.java:191)\r\n org.openqa.selenium.remote.service.DriverCommandExecutor.invokeExecute(DriverCommandExecutor.java:200)\r\n org.openqa.selenium.remote.service.DriverCommandExecutor.execute(DriverCommandExecutor.java:175)\r\n org.openqa.selenium.remote.RemoteWebDriver.execute(RemoteWebDriver.java:523)\r\n org.openqa.selenium.remote.RemoteWebDriver.get(RemoteWebDriver.java:305)\r\n org.openqa.selenium.remote.RemoteWebDriver$RemoteNavigation.to(RemoteWebDriver.java:1068)\r\n com.shaft.gui.browser.internal.BrowserActionsHelper.navigateToNewUrl(BrowserActionsHelper.java:161)\r\n com.shaft.gui.browser.BrowserActions.navigateToURL(BrowserActions.java:344)\r\n com.shaft.gui.browser.BrowserActions.navigateToURL(BrowserActions.java:267)\r\n pages.LoginPage.navigateToSubscriptionHomePage(LoginPage.java:21)\r\n pomDesignPatternTests.Tests.verifyInvalidWrongEmailErrorMessage(Tests.java:52)\r\n java.base/jdk.internal.reflect.DirectMethodHandleAccessor.invoke(DirectMethodHandleAccessor.java:103)\r\n java.base/java.lang.reflect.Method.invoke(Method.java:580)\r\n org.testng.internal.invokers.MethodInvocationHelper.invokeMethod(MethodInvocationHelper.java:139)\r\n org.testng.internal.invokers.TestInvoker.invokeMethod(TestInvoker.java:664)\r\n org.testng.internal.invokers.TestInvoker.invokeTestMethod(TestInvoker.java:227)\r\n org.testng.internal.invokers.MethodRunner.runInSequence(MethodRunner.java:50)\r\n org.testng.internal.invokers.TestInvoker$MethodInvocationAgent.invoke(TestInvoker.java:957)\r\n org.testng.internal.invokers.TestInvoker.invokeTestMethods(TestInvoker.java:200)\r\n org.testng.internal.invokers.TestMethodWorker.invokeTestMethods(TestMethodWorker.java:148)\r\n org.testng.internal.invokers.TestMethodWorker.run(TestMethodWorker.java:128)\r\n java.base/java.util.ArrayList.forEach(ArrayList.java:1596)\r\n org.testng.TestRunner.privateRun(TestRunner.java:848)\r\n org.testng.TestRunner.run(TestRunner.java:621)\r\n org.testng.SuiteRunner.runTest(SuiteRunner.java:443)\r\n org.testng.SuiteRunner.runSequentially(SuiteRunner.java:437)\r\n org.testng.SuiteRunner.privateRun(SuiteRunner.java:397)\r\n org.testng.SuiteRunner.run(SuiteRunner.java:336)\r\n org.testng.SuiteRunnerWorker.runSuite(SuiteRunnerWorker.java:52)\r\n org.testng.SuiteRunnerWorker.run(SuiteRunnerWorker.java:95)\r\n org.testng.TestNG.runSuitesSequentially(TestNG.java:1280)\r\n org.testng.TestNG.runSuitesLocally(TestNG.java:1200)\r\n org.testng.TestNG.runSuites(TestNG.java:1114)\r\n org.testng.TestNG.run(TestNG.java:1082)\r\n com.intellij.rt.testng.IDEARemoteTestNG.run(IDEARemoteTestNG.java:66)\r\n com.intellij.rt.testng.RemoteTestNGStarter.main(RemoteTestNGStarter.java:105)\r\njava.io.ByteArrayInputStream@5bddb619"},"stage":"finished","steps":[],"attachments":[{"name":"Browser Action Exception - Navigate to url - Stacktrace","source":"a8db8485-c29c-482c-a72e-5d01db06b1de-attachment"},{"name":"Screenshot - 1703018513540_verifyInvalidWrongEmailErrorMessage_Navigate to url_failed","source":"f5bd9ead-31d6-40e1-b428-d29af7b434b2-attachment.png","type":"image/png"}],"parameters":[{"name":"logText","value":"Navigate to url failed \"https://subscribe.stctv.com/en/user-status/\"."},{"name":"attachments","value":"[[Browser Action Exception - Navigate to url, Stacktrace, org.openqa.selenium.TimeoutException: Navigation timed out after 60000 ms\nBuild info: version: '4.16.1', revision: '9b4c83354e'\nSystem info: os.name: 'Windows 10', os.arch: 'amd64', os.version: '10.0', java.version: '21'\nDriver info: org.openqa.selenium.firefox.FirefoxDriver\nCommand: [34c5b9a6-e55c-4098-99fb-27173aaa08a2, get {url=https://subscribe.stctv.com/en/user-status/}]\nCapabilities {acceptInsecureCerts: true, browserName: firefox, browserVersion: 120.0.1, moz:accessibilityChecks: false, moz:buildID: 20231129155202, moz:debuggerAddress: 127.0.0.1:4911, moz:geckodriverVersion: 0.33.0, moz:headless: false, moz:platformVersion: 10.0, moz:processID: 10664, moz:profile: C:\\Users\\AHMEDZ~1\\AppData\\L..., moz:shutdownTimeout: 60000, moz:webdriverClick: true, moz:windowless: false, pageLoadStrategy: normal, platformName: windows, proxy: Proxy(), se:cdp: ws://127.0.0.1:4911/devtool..., se:cdpVersion: 85.0, setWindowRect: true, strictFileInteractability: false, timeouts: {implicit: 0, pageLoad: 60000, script: 60000}, unhandledPromptBehavior: dismiss and notify, webSocketUrl: ws://127.0.0.1:4911/session...}\nSession ID: 34c5b9a6-e55c-4098-99fb-27173aaa08a2\r\n java.base/jdk.internal.reflect.DirectConstructorHandleAccessor.newInstance(DirectConstructorHandleAccessor.java:62)\r\n java.base/java.lang.reflect.Constructor.newInstanceWithCaller(Constructor.java:502)\r\n java.base/java.lang.reflect.Constructor.newInstance(Constructor.java:486)\r\n org.openqa.selenium.remote.codec.w3c.W3CHttpResponseCodec.createException(W3CHttpResponseCodec.java:200)\r\n org.openqa.selenium.remote.codec.w3c.W3CHttpResponseCodec.decode(W3CHttpResponseCodec.java:133)\r\n org.openqa.selenium.remote.codec.w3c.W3CHttpResponseCodec.decode(W3CHttpResponseCodec.java:52)\r\n org.openqa.selenium.remote.HttpCommandExecutor.execute(HttpCommandExecutor.java:191)\r\n org.openqa.selenium.remote.service.DriverCommandExecutor.invokeExecute(DriverCommandExecutor.java:200)\r\n org.openqa.selenium.remote.service.DriverCommandExecutor.execute(DriverCommandExecutor.java:175)\r\n org.openqa.selenium.remote.RemoteWebDriver.execute(RemoteWebDriver.java:523)\r\n org.openqa.selenium.remote.RemoteWebDriver.get(RemoteWebDriver.java:305)\r\n org.openqa.selenium.remote.RemoteWebDriver$RemoteNavigation.to(RemoteWebDriver.java:1068)\r\n com.shaft.gui.browser.internal.BrowserActionsHelper.navigateToNewUrl(BrowserActionsHelper.java:161)\r\n com.shaft.gui.browser.BrowserActions.navigateToURL(BrowserActions.java:344)\r\n com.shaft.gui.browser.BrowserActions.navigateToURL(BrowserActions.java:267)\r\n pages.LoginPage.navigateToSubscriptionHomePage(LoginPage.java:21)\r\n pomDesignPatternTests.Tests.verifyInvalidWrongEmailErrorMessage(Tests.java:52)\r\n java.base/jdk.internal.reflect.DirectMethodHandleAccessor.invoke(DirectMethodHandleAccessor.java:103)\r\n java.base/java.lang.reflect.Method.invoke(Method.java:580)\r\n org.testng.internal.invokers.MethodInvocationHelper.invokeMethod(MethodInvocationHelper.java:139)\r\n org.testng.internal.invokers.TestInvoker.invokeMethod(TestInvoker.java:664)\r\n org.testng.internal.invokers.TestInvoker.invokeTestMethod(TestInvoker.java:227)\r\n org.testng.internal.invokers.MethodRunner.runInSequence(MethodRunner.java:50)\r\n org.testng.internal.invokers.TestInvoker$MethodInvocationAgent.invoke(TestInvoker.java:957)\r\n org.testng.internal.invokers.TestInvoker.invokeTestMethods(TestInvoker.java:200)\r\n org.testng.internal.invokers.TestMethodWorker.invokeTestMethods(TestMethodWorker.java:148)\r\n org.testng.internal.invokers.TestMethodWorker.run(TestMethodWorker.java:128)\r\n java.base/java.util.ArrayList.forEach(ArrayList.java:1596)\r\n org.testng.TestRunner.privateRun(TestRunner.java:848)\r\n org.testng.TestRunner.run(TestRunner.java:621)\r\n org.testng.SuiteRunner.runTest(SuiteRunner.java:443)\r\n org.testng.SuiteRunner.runSequentially(SuiteRunner.java:437)\r\n org.testng.SuiteRunner.privateRun(SuiteRunner.java:397)\r\n org.testng.SuiteRunner.run(SuiteRunner.java:336)\r\n org.testng.SuiteRunnerWorker.runSuite(SuiteRunnerWorker.java:52)\r\n org.testng.SuiteRunnerWorker.run(SuiteRunnerWorker.java:95)\r\n org.testng.TestNG.runSuitesSequentially(TestNG.java:1280)\r\n org.testng.TestNG.runSuitesLocally(TestNG.java:1200)\r\n org.testng.TestNG.runSuites(TestNG.java:1114)\r\n org.testng.TestNG.run(TestNG.java:1082)\r\n com.intellij.rt.testng.IDEARemoteTestNG.run(IDEARemoteTestNG.java:66)\r\n com.intellij.rt.testng.RemoteTestNGStarter.main(RemoteTestNGStarter.java:105)\r\n], [Screenshot, 1703018513540_verifyInvalidWrongEmailErrorMessage_Navigate to url_failed, java.io.ByteArrayInputStream@5bddb619]]"},{"name":"status","value":"FAIL"}],"start":1703018519103,"stop":1703018519240},{"name":"Navigate to url failed \"https://subscribe.stctv.com/en/user-status/\". Root cause: \"org.openqa.selenium.TimeoutException: Navigation timed out after 60000 ms\"","status":"passed","statusDetails":{"known":false,"muted":false,"flaky":false,"trace":"org.openqa.selenium.TimeoutException: Navigation timed out after 60000 ms\nBuild info: version: '4.16.1', revision: '9b4c83354e'\nSystem info: os.name: 'Windows 10', os.arch: 'amd64', os.version: '10.0', java.version: '21'\nDriver info: org.openqa.selenium.firefox.FirefoxDriver\nCommand: [34c5b9a6-e55c-4098-99fb-27173aaa08a2, get {url=https://subscribe.stctv.com/en/user-status/}]\nCapabilities {acceptInsecureCerts: true, browserName: firefox, browserVersion: 120.0.1, moz:accessibilityChecks: false, moz:buildID: 20231129155202, moz:debuggerAddress: 127.0.0.1:4911, moz:geckodriverVersion: 0.33.0, moz:headless: false, moz:platformVersion: 10.0, moz:processID: 10664, moz:profile: C:\\Users\\AHMEDZ~1\\AppData\\L..., moz:shutdownTimeout: 60000, moz:webdriverClick: true, moz:windowless: false, pageLoadStrategy: normal, platformName: windows, proxy: Proxy(), se:cdp: ws://127.0.0.1:4911/devtool..., se:cdpVersion: 85.0, setWindowRect: true, strictFileInteractability: false, timeouts: {implicit: 0, pageLoad: 60000, script: 60000}, unhandledPromptBehavior: dismiss and notify, webSocketUrl: ws://127.0.0.1:4911/session...}\nSession ID: 34c5b9a6-e55c-4098-99fb-27173aaa08a2\r\n java.base/jdk.internal.reflect.DirectConstructorHandleAccessor.newInstance(DirectConstructorHandleAccessor.java:62)\r\n java.base/java.lang.reflect.Constructor.newInstanceWithCaller(Constructor.java:502)\r\n java.base/java.lang.reflect.Constructor.newInstance(Constructor.java:486)\r\n org.openqa.selenium.remote.codec.w3c.W3CHttpResponseCodec.createException(W3CHttpResponseCodec.java:200)\r\n org.openqa.selenium.remote.codec.w3c.W3CHttpResponseCodec.decode(W3CHttpResponseCodec.java:133)\r\n org.openqa.selenium.remote.codec.w3c.W3CHttpResponseCodec.decode(W3CHttpResponseCodec.java:52)\r\n org.openqa.selenium.remote.HttpCommandExecutor.execute(HttpCommandExecutor.java:191)\r\n org.openqa.selenium.remote.service.DriverCommandExecutor.invokeExecute(DriverCommandExecutor.java:200)\r\n org.openqa.selenium.remote.service.DriverCommandExecutor.execute(DriverCommandExecutor.java:175)\r\n org.openqa.selenium.remote.RemoteWebDriver.execute(RemoteWebDriver.java:523)\r\n org.openqa.selenium.remote.RemoteWebDriver.get(RemoteWebDriver.java:305)\r\n org.openqa.selenium.remote.RemoteWebDriver$RemoteNavigation.to(RemoteWebDriver.java:1068)\r\n com.shaft.gui.browser.internal.BrowserActionsHelper.navigateToNewUrl(BrowserActionsHelper.java:161)\r\n com.shaft.gui.browser.BrowserActions.navigateToURL(BrowserActions.java:344)\r\n com.shaft.gui.browser.BrowserActions.navigateToURL(BrowserActions.java:267)\r\n pages.LoginPage.navigateToSubscriptionHomePage(LoginPage.java:21)\r\n pomDesignPatternTests.Tests.verifyInvalidWrongEmailErrorMessage(Tests.java:52)\r\n java.base/jdk.internal.reflect.DirectMethodHandleAccessor.invoke(DirectMethodHandleAccessor.java:103)\r\n java.base/java.lang.reflect.Method.invoke(Method.java:580)\r\n org.testng.internal.invokers.MethodInvocationHelper.invokeMethod(MethodInvocationHelper.java:139)\r\n org.testng.internal.invokers.TestInvoker.invokeMethod(TestInvoker.java:664)\r\n org.testng.internal.invokers.TestInvoker.invokeTestMethod(TestInvoker.java:227)\r\n org.testng.internal.invokers.MethodRunner.runInSequence(MethodRunner.java:50)\r\n org.testng.internal.invokers.TestInvoker$MethodInvocationAgent.invoke(TestInvoker.java:957)\r\n org.testng.internal.invokers.TestInvoker.invokeTestMethods(TestInvoker.java:200)\r\n org.testng.internal.invokers.TestMethodWorker.invokeTestMethods(TestMethodWorker.java:148)\r\n org.testng.internal.invokers.TestMethodWorker.run(TestMethodWorker.java:128)\r\n java.base/java.util.ArrayList.forEach(ArrayList.java:1596)\r\n org.testng.TestRunner.privateRun(TestRunner.java:848)\r\n org.testng.TestRunner.run(TestRunner.java:621)\r\n org.testng.SuiteRunner.runTest(SuiteRunner.java:443)\r\n org.testng.SuiteRunner.runSequentially(SuiteRunner.java:437)\r\n org.testng.SuiteRunner.privateRun(SuiteRunner.java:397)\r\n org.testng.SuiteRunner.run(SuiteRunner.java:336)\r\n org.testng.SuiteRunnerWorker.runSuite(SuiteRunnerWorker.java:52)\r\n org.testng.SuiteRunnerWorker.run(SuiteRunnerWorker.java:95)\r\n org.testng.TestNG.runSuitesSequentially(TestNG.java:1280)\r\n org.testng.TestNG.runSuitesLocally(TestNG.java:1200)\r\n org.testng.TestNG.runSuites(TestNG.java:1114)\r\n org.testng.TestNG.run(TestNG.java:1082)\r\n com.intellij.rt.testng.IDEARemoteTestNG.run(IDEARemoteTestNG.java:66)\r\n com.intellij.rt.testng.RemoteTestNGStarter.main(RemoteTestNGStarter.java:105)"},"stage":"finished","steps":[],"attachments":[{"name":"Database actions - Get  stack  trace - Exception Stacktrace","source":"bc29dfd8-4bd4-4be5-b9ff-0b8df3a837c7-attachment"}],"parameters":[{"name":"logText","value":"Navigate to url failed \"https://subscribe.stctv.com/en/user-status/\". Root cause: \"org.openqa.selenium.TimeoutException: Navigation timed out after 60000 ms\""},{"name":"attachments","value":"[[Database actions - Get  stack  trace, Exception Stacktrace, org.openqa.selenium.TimeoutException: Navigation timed out after 60000 ms\nBuild info: version: '4.16.1', revision: '9b4c83354e'\nSystem info: os.name: 'Windows 10', os.arch: 'amd64', os.version: '10.0', java.version: '21'\nDriver info: org.openqa.selenium.firefox.FirefoxDriver\nCommand: [34c5b9a6-e55c-4098-99fb-27173aaa08a2, get {url=https://subscribe.stctv.com/en/user-status/}]\nCapabilities {acceptInsecureCerts: true, browserName: firefox, browserVersion: 120.0.1, moz:accessibilityChecks: false, moz:buildID: 20231129155202, moz:debuggerAddress: 127.0.0.1:4911, moz:geckodriverVersion: 0.33.0, moz:headless: false, moz:platformVersion: 10.0, moz:processID: 10664, moz:profile: C:\\Users\\AHMEDZ~1\\AppData\\L..., moz:shutdownTimeout: 60000, moz:webdriverClick: true, moz:windowless: false, pageLoadStrategy: normal, platformName: windows, proxy: Proxy(), se:cdp: ws://127.0.0.1:4911/devtool..., se:cdpVersion: 85.0, setWindowRect: true, strictFileInteractability: false, timeouts: {implicit: 0, pageLoad: 60000, script: 60000}, unhandledPromptBehavior: dismiss and notify, webSocketUrl: ws://127.0.0.1:4911/session...}\nSession ID: 34c5b9a6-e55c-4098-99fb-27173aaa08a2\r\n java.base/jdk.internal.reflect.DirectConstructorHandleAccessor.newInstance(DirectConstructorHandleAccessor.java:62)\r\n java.base/java.lang.reflect.Constructor.newInstanceWithCaller(Constructor.java:502)\r\n java.base/java.lang.reflect.Constructor.newInstance(Constructor.java:486)\r\n org.openqa.selenium.remote.codec.w3c.W3CHttpResponseCodec.createException(W3CHttpResponseCodec.java:200)\r\n org.openqa.selenium.remote.codec.w3c.W3CHttpResponseCodec.decode(W3CHttpResponseCodec.java:133)\r\n org.openqa.selenium.remote.codec.w3c.W3CHttpResponseCodec.decode(W3CHttpResponseCodec.java:52)\r\n org.openqa.selenium.remote.HttpCommandExecutor.execute(HttpCommandExecutor.java:191)\r\n org.openqa.selenium.remote.service.DriverCommandExecutor.invokeExecute(DriverCommandExecutor.java:200)\r\n org.openqa.selenium.remote.service.DriverCommandExecutor.execute(DriverCommandExecutor.java:175)\r\n org.openqa.selenium.remote.RemoteWebDriver.execute(RemoteWebDriver.java:523)\r\n org.openqa.selenium.remote.RemoteWebDriver.get(RemoteWebDriver.java:305)\r\n org.openqa.selenium.remote.RemoteWebDriver$RemoteNavigation.to(RemoteWebDriver.java:1068)\r\n com.shaft.gui.browser.internal.BrowserActionsHelper.navigateToNewUrl(BrowserActionsHelper.java:161)\r\n com.shaft.gui.browser.BrowserActions.navigateToURL(BrowserActions.java:344)\r\n com.shaft.gui.browser.BrowserActions.navigateToURL(BrowserActions.java:267)\r\n pages.LoginPage.navigateToSubscriptionHomePage(LoginPage.java:21)\r\n pomDesignPatternTests.Tests.verifyInvalidWrongEmailErrorMessage(Tests.java:52)\r\n java.base/jdk.internal.reflect.DirectMethodHandleAccessor.invoke(DirectMethodHandleAccessor.java:103)\r\n java.base/java.lang.reflect.Method.invoke(Method.java:580)\r\n org.testng.internal.invokers.MethodInvocationHelper.invokeMethod(MethodInvocationHelper.java:139)\r\n org.testng.internal.invokers.TestInvoker.invokeMethod(TestInvoker.java:664)\r\n org.testng.internal.invokers.TestInvoker.invokeTestMethod(TestInvoker.java:227)\r\n org.testng.internal.invokers.MethodRunner.runInSequence(MethodRunner.java:50)\r\n org.testng.internal.invokers.TestInvoker$MethodInvocationAgent.invoke(TestInvoker.java:957)\r\n org.testng.internal.invokers.TestInvoker.invokeTestMethods(TestInvoker.java:200)\r\n org.testng.internal.invokers.TestMethodWorker.invokeTestMethods(TestMethodWorker.java:148)\r\n org.testng.internal.invokers.TestMethodWorker.run(TestMethodWorker.java:128)\r\n java.base/java.util.ArrayList.forEach(ArrayList.java:1596)\r\n org.testng.TestRunner.privateRun(TestRunner.java:848)\r\n org.testng.TestRunner.run(TestRunner.java:621)\r\n org.testng.SuiteRunner.runTest(SuiteRunner.java:443)\r\n org.testng.SuiteRunner.runSequentially(SuiteRunner.java:437)\r\n org.testng.SuiteRunner.privateRun(SuiteRunner.java:397)\r\n org.testng.SuiteRunner.run(SuiteRunner.java:336)\r\n org.testng.SuiteRunnerWorker.runSuite(SuiteRunnerWorker.java:52)\r\n org.testng.SuiteRunnerWorker.run(SuiteRunnerWorker.java:95)\r\n org.testng.TestNG.runSuitesSequentially(TestNG.java:1280)\r\n org.testng.TestNG.runSuitesLocally(TestNG.java:1200)\r\n org.testng.TestNG.runSuites(TestNG.java:1114)\r\n org.testng.TestNG.run(TestNG.java:1082)\r\n com.intellij.rt.testng.IDEARemoteTestNG.run(IDEARemoteTestNG.java:66)\r\n com.intellij.rt.testng.RemoteTestNGStarter.main(RemoteTestNGStarter.java:105)\r\n]]"},{"name":"status","value":"FAIL"}],"start":1703018519407,"stop":1703018519421}],"attachments":[],"parameters":[{"name":"url","value":"https://subscribe.stctv.com/en/user-status/"}],"start":1703018413284,"stop":1703018519451}],"attachments":[{"name":"SHAFT Engine Logs - Current Method log: verifyInvalidWrongEmailErrorMessage","source":"814383d3-970f-4685-8688-9ad0a6f65cac-attachment.txt","type":"text/plain"}],"parameters":[],"start":1703018405610,"stop":1703018519551}