{"uuid":"35307c49-09b0-44a5-9194-0f9e9a2481f9","historyId":"6c20c4eadcb23391a5d4dd1ca808b22d","fullName":"src/test/resources/ValidateSubscriptionPackages.feature:3","labels":[{"name":"host","value":"AZanoon"},{"name":"thread","value":"21748@AZanoon.main(1)"},{"name":"feature","value":"Validate Subscription Package Type , Price , Currency For Each Available Country on Subscriptions Page"},{"name":"story","value":"Navigate To Subscription Page"},{"name":"suite","value":"Validate Subscription Package Type , Price , Currency For Each Available Country on Subscriptions Page"},{"name":"testClass","value":"Navigate To Subscription Page"},{"name":"framework","value":"cucumber4jvm"},{"name":"language","value":"java"},{"name":"gherkin_uri","value":"file:///D:/ShaftHQ/AssessmentTask/testCrewAssessmentTask/src/test/resources/ValidateSubscriptionPackages.feature"},{"name":"package","value":"src.test.resources.ValidateSubscriptionPackages_feature.Validate Subscription Package Type , Price , Currency For Each Available Country on Subscriptions Page"}],"links":[],"name":"Navigate To Subscription Page","status":"failed","statusDetails":{"known":false,"muted":false,"flaky":false,"message":"Assertion \"ValidateElementExists\" FAILED. Expected \"Element Should Exist, locator 'By.xpath: //div[@id='country']//img[@alt='sa']'\" and Actual \"Element Doesn't Exists\". Comparison Type \"EQUALS\". Validation Type \"POSITIVE\".","trace":"java.lang.AssertionError: Assertion \"ValidateElementExists\" FAILED. Expected \"Element Should Exist, locator 'By.xpath: //div[@id='country']//img[@alt='sa']'\" and Actual \"Element Doesn't Exists\". Comparison Type \"EQUALS\". Validation Type \"POSITIVE\".\r\n\tat org.testng.Assert.fail(Assert.java:111)\r\n\tat com.shaft.tools.io.internal.FailureReporter.fail(FailureReporter.java:43)\r\n\tat com.shaft.validation.internal.ValidationsHelper.reportValidationState(ValidationsHelper.java:650)\r\n\tat com.shaft.validation.internal.ValidationsHelper.fail(ValidationsHelper.java:395)\r\n\tat com.shaft.validation.internal.ValidationsHelper.validateElementExists(ValidationsHelper.java:114)\r\n\tat com.shaft.validation.internal.ValidationsExecutor.performValidation(ValidationsExecutor.java:163)\r\n\tat com.shaft.validation.internal.ValidationsExecutor.perform(ValidationsExecutor.java:149)\r\n\tat cucumberSteps.Steps.I_Assert_That_ChosenCountry_Is_KSA(Steps.java:26)\r\n\tat ✽.I assert That Chosen Country Is KSA(file:///D:/ShaftHQ/AssessmentTask/testCrewAssessmentTask/src/test/resources/ValidateSubscriptionPackages.feature:8)\r\n"},"stage":"finished","description":"  Assert The Package type And Price For Each Country","steps":[{"name":"Given  I Open The Browser","status":"passed","statusDetails":{"known":false,"muted":false,"flaky":false},"stage":"finished","steps":[{"name":"Successfully Opened: \"windows | Firefox\".","status":"passed","stage":"finished","steps":[],"attachments":[],"parameters":[],"start":1703017990498,"stop":1703017990498},{"name":"Maximize window \"New screen size is now: (1550, 838)\".","status":"passed","stage":"finished","steps":[],"attachments":[],"parameters":[],"start":1703017991091,"stop":1703017991091}],"attachments":[],"parameters":[],"start":1703017975564,"stop":1703017991133},{"name":"When  I Navigate To \"https://subscribe.stctv.com/sa-en\"","status":"passed","statusDetails":{"known":false,"muted":false,"flaky":false},"stage":"finished","steps":[{"name":"Navigate to url \"https://subscribe.stctv.com/sa-en\".","status":"passed","stage":"finished","steps":[],"attachments":[],"parameters":[],"start":1703018073789,"stop":1703018073790}],"attachments":[],"parameters":[],"start":1703017991142,"stop":1703018073795},{"name":"And  I assert That Chosen Country Is KSA","status":"failed","statusDetails":{"known":false,"muted":false,"flaky":false,"message":"Assertion \"ValidateElementExists\" FAILED. Expected \"Element Should Exist, locator 'By.xpath: //div[@id='country']//img[@alt='sa']'\" and Actual \"Element Doesn't Exists\". Comparison Type \"EQUALS\". Validation Type \"POSITIVE\".","trace":"java.lang.AssertionError: Assertion \"ValidateElementExists\" FAILED. Expected \"Element Should Exist, locator 'By.xpath: //div[@id='country']//img[@alt='sa']'\" and Actual \"Element Doesn't Exists\". Comparison Type \"EQUALS\". Validation Type \"POSITIVE\".\r\n\tat org.testng.Assert.fail(Assert.java:111)\r\n\tat com.shaft.tools.io.internal.FailureReporter.fail(FailureReporter.java:43)\r\n\tat com.shaft.validation.internal.ValidationsHelper.reportValidationState(ValidationsHelper.java:650)\r\n\tat com.shaft.validation.internal.ValidationsHelper.fail(ValidationsHelper.java:395)\r\n\tat com.shaft.validation.internal.ValidationsHelper.validateElementExists(ValidationsHelper.java:114)\r\n\tat com.shaft.validation.internal.ValidationsExecutor.performValidation(ValidationsExecutor.java:163)\r\n\tat com.shaft.validation.internal.ValidationsExecutor.perform(ValidationsExecutor.java:149)\r\n\tat cucumberSteps.Steps.I_Assert_That_ChosenCountry_Is_KSA(Steps.java:26)\r\n\tat ✽.I assert That Chosen Country Is KSA(file:///D:/ShaftHQ/AssessmentTask/testCrewAssessmentTask/src/test/resources/ValidateSubscriptionPackages.feature:8)\r\n"},"stage":"finished","steps":[{"name":" Assert that element exists","status":"failed","statusDetails":{"known":false,"muted":false,"flaky":false,"message":"Assertion \"ValidateElementExists\" FAILED. Expected \"Element Should Exist, locator 'By.xpath: //div[@id='country']//img[@alt='sa']'\" and Actual \"Element Doesn't Exists\". Comparison Type \"EQUALS\". Validation Type \"POSITIVE\".","trace":"java.lang.AssertionError: Assertion \"ValidateElementExists\" FAILED. Expected \"Element Should Exist, locator 'By.xpath: //div[@id='country']//img[@alt='sa']'\" and Actual \"Element Doesn't Exists\". Comparison Type \"EQUALS\". Validation Type \"POSITIVE\".\r\n\tat org.testng.Assert.fail(Assert.java:111)\r\n\tat com.shaft.tools.io.internal.FailureReporter.fail(FailureReporter.java:43)\r\n\tat com.shaft.validation.internal.ValidationsHelper.reportValidationState(ValidationsHelper.java:650)\r\n\tat com.shaft.validation.internal.ValidationsHelper.fail(ValidationsHelper.java:395)\r\n\tat com.shaft.validation.internal.ValidationsHelper.validateElementExists(ValidationsHelper.java:114)\r\n\tat com.shaft.validation.internal.ValidationsExecutor.performValidation(ValidationsExecutor.java:163)\r\n\tat com.shaft.validation.internal.ValidationsExecutor.perform(ValidationsExecutor.java:149)\r\n\tat cucumberSteps.Steps.I_Assert_That_ChosenCountry_Is_KSA(Steps.java:26)\r\n\tat java.base/jdk.internal.reflect.DirectMethodHandleAccessor.invoke(DirectMethodHandleAccessor.java:103)\r\n\tat java.base/java.lang.reflect.Method.invoke(Method.java:580)\r\n\tat io.cucumber.java.Invoker.doInvoke(Invoker.java:66)\r\n\tat io.cucumber.java.Invoker.invoke(Invoker.java:24)\r\n\tat io.cucumber.java.AbstractGlueDefinition.invokeMethod(AbstractGlueDefinition.java:47)\r\n\tat io.cucumber.java.JavaStepDefinition.execute(JavaStepDefinition.java:29)\r\n\tat io.cucumber.core.runner.CoreStepDefinition.execute(CoreStepDefinition.java:66)\r\n\tat io.cucumber.core.runner.PickleStepDefinitionMatch.runStep(PickleStepDefinitionMatch.java:63)\r\n\tat io.cucumber.core.runner.ExecutionMode$1.execute(ExecutionMode.java:10)\r\n\tat io.cucumber.core.runner.TestStep.executeStep(TestStep.java:84)\r\n\tat io.cucumber.core.runner.TestStep.run(TestStep.java:56)\r\n\tat io.cucumber.core.runner.PickleStepTestStep.run(PickleStepTestStep.java:51)\r\n\tat io.cucumber.core.runner.TestCase.run(TestCase.java:84)\r\n\tat io.cucumber.core.runner.Runner.runPickle(Runner.java:75)\r\n\tat io.cucumber.testng.TestNGCucumberRunner.lambda$runScenario$1(TestNGCucumberRunner.java:132)\r\n\tat io.cucumber.core.runtime.CucumberExecutionContext.lambda$runTestCase$5(CucumberExecutionContext.java:137)\r\n\tat io.cucumber.core.runtime.RethrowingThrowableCollector.executeAndThrow(RethrowingThrowableCollector.java:23)\r\n\tat io.cucumber.core.runtime.CucumberExecutionContext.runTestCase(CucumberExecutionContext.java:137)\r\n\tat io.cucumber.testng.TestNGCucumberRunner.runScenario(TestNGCucumberRunner.java:129)\r\n\tat io.cucumber.testng.AbstractTestNGCucumberTests.runScenario(AbstractTestNGCucumberTests.java:35)\r\n\tat java.base/jdk.internal.reflect.DirectMethodHandleAccessor.invoke(DirectMethodHandleAccessor.java:103)\r\n\tat java.base/java.lang.reflect.Method.invoke(Method.java:580)\r\n\tat org.testng.internal.invokers.MethodInvocationHelper.invokeMethod(MethodInvocationHelper.java:139)\r\n\tat org.testng.internal.invokers.TestInvoker.invokeMethod(TestInvoker.java:664)\r\n\tat org.testng.internal.invokers.TestInvoker.invokeTestMethod(TestInvoker.java:227)\r\n\tat org.testng.internal.invokers.MethodRunner.runInSequence(MethodRunner.java:50)\r\n\tat org.testng.internal.invokers.TestInvoker$MethodInvocationAgent.invoke(TestInvoker.java:957)\r\n\tat org.testng.internal.invokers.TestInvoker.invokeTestMethods(TestInvoker.java:200)\r\n\tat org.testng.internal.invokers.TestMethodWorker.invokeTestMethods(TestMethodWorker.java:148)\r\n\tat org.testng.internal.invokers.TestMethodWorker.run(TestMethodWorker.java:128)\r\n\tat java.base/java.util.ArrayList.forEach(ArrayList.java:1596)\r\n\tat org.testng.TestRunner.privateRun(TestRunner.java:848)\r\n\tat org.testng.TestRunner.run(TestRunner.java:621)\r\n\tat org.testng.SuiteRunner.runTest(SuiteRunner.java:443)\r\n\tat org.testng.SuiteRunner.runSequentially(SuiteRunner.java:437)\r\n\tat org.testng.SuiteRunner.privateRun(SuiteRunner.java:397)\r\n\tat org.testng.SuiteRunner.run(SuiteRunner.java:336)\r\n\tat org.testng.SuiteRunnerWorker.runSuite(SuiteRunnerWorker.java:52)\r\n\tat org.testng.SuiteRunnerWorker.run(SuiteRunnerWorker.java:95)\r\n\tat org.testng.TestNG.runSuitesSequentially(TestNG.java:1280)\r\n\tat org.testng.TestNG.runSuitesLocally(TestNG.java:1200)\r\n\tat org.testng.TestNG.runSuites(TestNG.java:1114)\r\n\tat org.testng.TestNG.run(TestNG.java:1082)\r\n\tat com.intellij.rt.testng.IDEARemoteTestNG.run(IDEARemoteTestNG.java:66)\r\n\tat com.intellij.rt.testng.RemoteTestNGStarter.main(RemoteTestNGStarter.java:105)\r\n"},"stage":"finished","steps":[{"name":"Assertion Failed: The Element located by \"By.xpath: //div[@id='country']//img[@alt='sa']\" exists.","status":"passed","stage":"finished","steps":[],"attachments":[{"name":"Screenshot - 1703018134340_runScenario_ValidateElementExists_failed","source":"8ab4b4a3-9b37-46c0-92ee-c3be7c7f0838-attachment.png","type":"image/png"},{"name":"Validation Test Data - Failure Reason","source":"f533e3a7-3db9-4c10-b2cc-2362cd02a78a-attachment"}],"parameters":[{"name":"customLog","value":"Assertion Failed: The Element located by \"By.xpath: //div[@id='country']//img[@alt='sa']\" exists."},{"name":"attachments","value":"[[Screenshot, 1703018134340_runScenario_ValidateElementExists_failed, java.io.ByteArrayInputStream@1cf44346], [Validation Test Data, Failure Reason, java.lang.AssertionError: Assertion \"ValidateElementExists\" FAILED. Expected \"Element Should Exist, locator 'By.xpath: //div[@id='country']//img[@alt='sa']'\" and Actual \"Element Doesn't Exists\". Comparison Type \"EQUALS\". Validation Type \"POSITIVE\".\r\n com.shaft.validation.internal.ValidationsHelper.reportValidationState(ValidationsHelper.java:632)\r\n com.shaft.validation.internal.ValidationsHelper.fail(ValidationsHelper.java:395)\r\n com.shaft.validation.internal.ValidationsHelper.validateElementExists(ValidationsHelper.java:114)\r\n com.shaft.validation.internal.ValidationsExecutor.performValidation(ValidationsExecutor.java:163)\r\n com.shaft.validation.internal.ValidationsExecutor.perform(ValidationsExecutor.java:149)\r\n cucumberSteps.Steps.I_Assert_That_ChosenCountry_Is_KSA(Steps.java:26)\r\n java.base/jdk.internal.reflect.DirectMethodHandleAccessor.invoke(DirectMethodHandleAccessor.java:103)\r\n java.base/java.lang.reflect.Method.invoke(Method.java:580)\r\n io.cucumber.java.Invoker.doInvoke(Invoker.java:66)\r\n io.cucumber.java.Invoker.invoke(Invoker.java:24)\r\n io.cucumber.java.AbstractGlueDefinition.invokeMethod(AbstractGlueDefinition.java:47)\r\n io.cucumber.java.JavaStepDefinition.execute(JavaStepDefinition.java:29)\r\n io.cucumber.core.runner.CoreStepDefinition.execute(CoreStepDefinition.java:66)\r\n io.cucumber.core.runner.PickleStepDefinitionMatch.runStep(PickleStepDefinitionMatch.java:63)\r\n io.cucumber.core.runner.ExecutionMode$1.execute(ExecutionMode.java:10)\r\n io.cucumber.core.runner.TestStep.executeStep(TestStep.java:84)\r\n io.cucumber.core.runner.TestStep.run(TestStep.java:56)\r\n io.cucumber.core.runner.PickleStepTestStep.run(PickleStepTestStep.java:51)\r\n io.cucumber.core.runner.TestCase.run(TestCase.java:84)\r\n io.cucumber.core.runner.Runner.runPickle(Runner.java:75)\r\n io.cucumber.testng.TestNGCucumberRunner.lambda$runScenario$1(TestNGCucumberRunner.java:132)\r\n io.cucumber.core.runtime.CucumberExecutionContext.lambda$runTestCase$5(CucumberExecutionContext.java:137)\r\n io.cucumber.core.runtime.RethrowingThrowableCollector.executeAndThrow(RethrowingThrowableCollector.java:23)\r\n io.cucumber.core.runtime.CucumberExecutionContext.runTestCase(CucumberExecutionContext.java:137)\r\n io.cucumber.testng.TestNGCucumberRunner.runScenario(TestNGCucumberRunner.java:129)\r\n io.cucumber.testng.AbstractTestNGCucumberTests.runScenario(AbstractTestNGCucumberTests.java:35)\r\n java.base/jdk.internal.reflect.DirectMethodHandleAccessor.invoke(DirectMethodHandleAccessor.java:103)\r\n java.base/java.lang.reflect.Method.invoke(Method.java:580)\r\n org.testng.internal.invokers.MethodInvocationHelper.invokeMethod(MethodInvocationHelper.java:139)\r\n org.testng.internal.invokers.TestInvoker.invokeMethod(TestInvoker.java:664)\r\n org.testng.internal.invokers.TestInvoker.invokeTestMethod(TestInvoker.java:227)\r\n org.testng.internal.invokers.MethodRunner.runInSequence(MethodRunner.java:50)\r\n org.testng.internal.invokers.TestInvoker$MethodInvocationAgent.invoke(TestInvoker.java:957)\r\n org.testng.internal.invokers.TestInvoker.invokeTestMethods(TestInvoker.java:200)\r\n org.testng.internal.invokers.TestMethodWorker.invokeTestMethods(TestMethodWorker.java:148)\r\n org.testng.internal.invokers.TestMethodWorker.run(TestMethodWorker.java:128)\r\n java.base/java.util.ArrayList.forEach(ArrayList.java:1596)\r\n org.testng.TestRunner.privateRun(TestRunner.java:848)\r\n org.testng.TestRunner.run(TestRunner.java:621)\r\n org.testng.SuiteRunner.runTest(SuiteRunner.java:443)\r\n org.testng.SuiteRunner.runSequentially(SuiteRunner.java:437)\r\n org.testng.SuiteRunner.privateRun(SuiteRunner.java:397)\r\n org.testng.SuiteRunner.run(SuiteRunner.java:336)\r\n org.testng.SuiteRunnerWorker.runSuite(SuiteRunnerWorker.java:52)\r\n org.testng.SuiteRunnerWorker.run(SuiteRunnerWorker.java:95)\r\n org.testng.TestNG.runSuitesSequentially(TestNG.java:1280)\r\n org.testng.TestNG.runSuitesLocally(TestNG.java:1200)\r\n org.testng.TestNG.runSuites(TestNG.java:1114)\r\n org.testng.TestNG.run(TestNG.java:1082)\r\n com.intellij.rt.testng.IDEARemoteTestNG.run(IDEARemoteTestNG.java:66)\r\n com.intellij.rt.testng.RemoteTestNGStarter.main(RemoteTestNGStarter.java:105)\r\n]]"}],"start":1703018138451,"stop":1703018138605},{"name":"Assertion \"ValidateElementExists\" FAILED. Expected \"Element Should Exist, locator 'By.xpath: //div[@id='country']//img[@alt='sa']'\" and Actual \"Element Doesn't Exists\". Comparison Type \"EQUALS\". Validation Type \"POSITIVE\".","status":"failed","stage":"finished","steps":[],"attachments":[],"parameters":[],"start":1703018138620,"stop":1703018138620}],"attachments":[],"parameters":[],"start":1703018073937,"stop":1703018138635}],"attachments":[],"parameters":[],"start":1703018073800,"stop":1703018138694},{"name":"Then  I assert That Package \"LITE\" Price Equals \"15\" \"SAR\"","status":"skipped","statusDetails":{"known":false,"muted":false,"flaky":false},"stage":"finished","steps":[],"attachments":[],"parameters":[],"start":1703018138713,"stop":1703018138726},{"name":"And  I assert That Package \"CLASSIC\" Price Equals \"25\" \"SAR\"","status":"skipped","statusDetails":{"known":false,"muted":false,"flaky":false},"stage":"finished","steps":[],"attachments":[],"parameters":[],"start":1703018138730,"stop":1703018138733},{"name":"And  I assert That Package \"PREMIUM\" Price Equals \"60\" \"SAR\"","status":"skipped","statusDetails":{"known":false,"muted":false,"flaky":false},"stage":"finished","steps":[],"attachments":[],"parameters":[],"start":1703018138742,"stop":1703018138744},{"name":"When  I Change The Country To Bahrain","status":"skipped","statusDetails":{"known":false,"muted":false,"flaky":false},"stage":"finished","steps":[],"attachments":[],"parameters":[],"start":1703018138747,"stop":1703018138752},{"name":"Then  I assert That Package \"LITE\" Price Equals \"2\" \"BHD\"","status":"skipped","statusDetails":{"known":false,"muted":false,"flaky":false},"stage":"finished","steps":[],"attachments":[],"parameters":[],"start":1703018138757,"stop":1703018138764},{"name":"And  I assert That Package \"CLASSIC\" Price Equals \"3\" \"BHD\"","status":"skipped","statusDetails":{"known":false,"muted":false,"flaky":false},"stage":"finished","steps":[],"attachments":[],"parameters":[],"start":1703018138769,"stop":1703018138772},{"name":"And  I assert That Package \"PREMIUM\" Price Equals \"6\" \"BHD\"","status":"skipped","statusDetails":{"known":false,"muted":false,"flaky":false},"stage":"finished","steps":[],"attachments":[],"parameters":[],"start":1703018138776,"stop":1703018138782},{"name":"When  I Change The Country To Kuwait","status":"skipped","statusDetails":{"known":false,"muted":false,"flaky":false},"stage":"finished","steps":[],"attachments":[],"parameters":[],"start":1703018138789,"stop":1703018138794},{"name":"Then  I assert That Package \"LITE\" Price Equals \"1.2\" \"KWD\"","status":"skipped","statusDetails":{"known":false,"muted":false,"flaky":false},"stage":"finished","steps":[],"attachments":[],"parameters":[],"start":1703018138804,"stop":1703018138809},{"name":"And  I assert That Package \"CLASSIC\" Price Equals \"2.5\" \"KWD\"","status":"skipped","statusDetails":{"known":false,"muted":false,"flaky":false},"stage":"finished","steps":[],"attachments":[],"parameters":[],"start":1703018138813,"stop":1703018138817},{"name":"And  I assert That Package \"PREMIUM\" Price Equals \"4.8\" \"KWD\"","status":"skipped","statusDetails":{"known":false,"muted":false,"flaky":false},"stage":"finished","steps":[],"attachments":[],"parameters":[],"start":1703018138825,"stop":1703018138830}],"attachments":[],"parameters":[],"start":1703017975557,"stop":1703018138866}