{"uuid":"3e51bc7a-8cde-4493-9ec8-f59efed36423","historyId":"fd3d65bbe936ac2980e6cf639db15332","fullName":"pomDesignPatternTests.Tests.verifyPackageTypeAndPrice","labels":[{"name":"package","value":"pomDesignPatternTests.Tests"},{"name":"testClass","value":"pomDesignPatternTests.Tests"},{"name":"testMethod","value":"verifyPackageTypeAndPrice"},{"name":"parentSuite","value":"Default Suite"},{"name":"suite","value":"AssessmentTask"},{"name":"subSuite","value":"pomDesignPatternTests.Tests"},{"name":"host","value":"AZanoon"},{"name":"thread","value":"22092@AZanoon.main(1)"},{"name":"framework","value":"testng"},{"name":"language","value":"java"}],"links":[],"name":"verifyPackageTypeAndPrice","status":"failed","statusDetails":{"known":false,"muted":false,"flaky":false,"message":"Navigate to url failed \"https://subscribe.stctv.com/sa-en\". Root cause: \"java.lang.NullPointerException: Cannot invoke \"org.openqa.selenium.WebDriver.getCurrentUrl()\" because the return value of \"com.shaft.driver.internal.DriverFactoryHelper.getDriver()\" is null\"","trace":"java.lang.AssertionError: Navigate to url failed \"https://subscribe.stctv.com/sa-en\". Root cause: \"java.lang.NullPointerException: Cannot invoke \"org.openqa.selenium.WebDriver.getCurrentUrl()\" because the return value of \"com.shaft.driver.internal.DriverFactoryHelper.getDriver()\" is null\"\r\n\tat org.testng.Assert.fail(Assert.java:99)\r\n\tat com.shaft.tools.io.internal.FailureReporter.fail(FailureReporter.java:38)\r\n\tat com.shaft.gui.browser.internal.BrowserActionsHelper.failAction(BrowserActionsHelper.java:66)\r\n\tat com.shaft.gui.browser.internal.BrowserActionsHelper.failAction(BrowserActionsHelper.java:59)\r\n\tat com.shaft.gui.browser.BrowserActions.navigateToURL(BrowserActions.java:356)\r\n\tat com.shaft.gui.browser.BrowserActions.navigateToURL(BrowserActions.java:267)\r\n\tat pages.PackagesPage.navigateTo(PackagesPage.java:29)\r\n\tat pomDesignPatternTests.Tests.verifyPackageTypeAndPrice(Tests.java:34)\r\n\tat java.base/jdk.internal.reflect.DirectMethodHandleAccessor.invoke(DirectMethodHandleAccessor.java:103)\r\n\tat java.base/java.lang.reflect.Method.invoke(Method.java:580)\r\n\tat org.testng.internal.invokers.MethodInvocationHelper.invokeMethod(MethodInvocationHelper.java:139)\r\n\tat org.testng.internal.invokers.TestInvoker.invokeMethod(TestInvoker.java:664)\r\n\tat org.testng.internal.invokers.TestInvoker.invokeTestMethod(TestInvoker.java:227)\r\n\tat org.testng.internal.invokers.MethodRunner.runInSequence(MethodRunner.java:50)\r\n\tat org.testng.internal.invokers.TestInvoker$MethodInvocationAgent.invoke(TestInvoker.java:957)\r\n\tat org.testng.internal.invokers.TestInvoker.invokeTestMethods(TestInvoker.java:200)\r\n\tat org.testng.internal.invokers.TestMethodWorker.invokeTestMethods(TestMethodWorker.java:148)\r\n\tat org.testng.internal.invokers.TestMethodWorker.run(TestMethodWorker.java:128)\r\n\tat java.base/java.util.ArrayList.forEach(ArrayList.java:1596)\r\n\tat org.testng.TestRunner.privateRun(TestRunner.java:848)\r\n\tat org.testng.TestRunner.run(TestRunner.java:621)\r\n\tat org.testng.SuiteRunner.runTest(SuiteRunner.java:443)\r\n\tat org.testng.SuiteRunner.runSequentially(SuiteRunner.java:437)\r\n\tat org.testng.SuiteRunner.privateRun(SuiteRunner.java:397)\r\n\tat org.testng.SuiteRunner.run(SuiteRunner.java:336)\r\n\tat org.testng.SuiteRunnerWorker.runSuite(SuiteRunnerWorker.java:52)\r\n\tat org.testng.SuiteRunnerWorker.run(SuiteRunnerWorker.java:95)\r\n\tat org.testng.TestNG.runSuitesSequentially(TestNG.java:1280)\r\n\tat org.testng.TestNG.runSuitesLocally(TestNG.java:1200)\r\n\tat org.testng.TestNG.runSuites(TestNG.java:1114)\r\n\tat org.testng.TestNG.run(TestNG.java:1082)\r\n\tat com.intellij.rt.testng.IDEARemoteTestNG.run(IDEARemoteTestNG.java:66)\r\n\tat com.intellij.rt.testng.RemoteTestNGStarter.main(RemoteTestNGStarter.java:105)\r\nCaused by: java.lang.NullPointerException: Cannot invoke \"org.openqa.selenium.WebDriver.getCurrentUrl()\" because the return value of \"com.shaft.driver.internal.DriverFactoryHelper.getDriver()\" is null\r\n\tat com.shaft.gui.browser.BrowserActions.navigateToURL(BrowserActions.java:333)\r\n\t... 28 more\r\n"},"stage":"finished","steps":[{"name":"Navigation To Supscription Packages Page","status":"failed","statusDetails":{"known":false,"muted":false,"flaky":false,"message":"Navigate to url failed \"https://subscribe.stctv.com/sa-en\". Root cause: \"java.lang.NullPointerException: Cannot invoke \"org.openqa.selenium.WebDriver.getCurrentUrl()\" because the return value of \"com.shaft.driver.internal.DriverFactoryHelper.getDriver()\" is null\"","trace":"java.lang.AssertionError: Navigate to url failed \"https://subscribe.stctv.com/sa-en\". Root cause: \"java.lang.NullPointerException: Cannot invoke \"org.openqa.selenium.WebDriver.getCurrentUrl()\" because the return value of \"com.shaft.driver.internal.DriverFactoryHelper.getDriver()\" is null\"\r\n\tat org.testng.Assert.fail(Assert.java:99)\r\n\tat com.shaft.tools.io.internal.FailureReporter.fail(FailureReporter.java:38)\r\n\tat com.shaft.gui.browser.internal.BrowserActionsHelper.failAction(BrowserActionsHelper.java:66)\r\n\tat com.shaft.gui.browser.internal.BrowserActionsHelper.failAction(BrowserActionsHelper.java:59)\r\n\tat com.shaft.gui.browser.BrowserActions.navigateToURL(BrowserActions.java:356)\r\n\tat com.shaft.gui.browser.BrowserActions.navigateToURL(BrowserActions.java:267)\r\n\tat pages.PackagesPage.navigateTo(PackagesPage.java:29)\r\n\tat pomDesignPatternTests.Tests.verifyPackageTypeAndPrice(Tests.java:34)\r\n\tat java.base/jdk.internal.reflect.DirectMethodHandleAccessor.invoke(DirectMethodHandleAccessor.java:103)\r\n\tat java.base/java.lang.reflect.Method.invoke(Method.java:580)\r\n\tat org.testng.internal.invokers.MethodInvocationHelper.invokeMethod(MethodInvocationHelper.java:139)\r\n\tat org.testng.internal.invokers.TestInvoker.invokeMethod(TestInvoker.java:664)\r\n\tat org.testng.internal.invokers.TestInvoker.invokeTestMethod(TestInvoker.java:227)\r\n\tat org.testng.internal.invokers.MethodRunner.runInSequence(MethodRunner.java:50)\r\n\tat org.testng.internal.invokers.TestInvoker$MethodInvocationAgent.invoke(TestInvoker.java:957)\r\n\tat org.testng.internal.invokers.TestInvoker.invokeTestMethods(TestInvoker.java:200)\r\n\tat org.testng.internal.invokers.TestMethodWorker.invokeTestMethods(TestMethodWorker.java:148)\r\n\tat org.testng.internal.invokers.TestMethodWorker.run(TestMethodWorker.java:128)\r\n\tat java.base/java.util.ArrayList.forEach(ArrayList.java:1596)\r\n\tat org.testng.TestRunner.privateRun(TestRunner.java:848)\r\n\tat org.testng.TestRunner.run(TestRunner.java:621)\r\n\tat org.testng.SuiteRunner.runTest(SuiteRunner.java:443)\r\n\tat org.testng.SuiteRunner.runSequentially(SuiteRunner.java:437)\r\n\tat org.testng.SuiteRunner.privateRun(SuiteRunner.java:397)\r\n\tat org.testng.SuiteRunner.run(SuiteRunner.java:336)\r\n\tat org.testng.SuiteRunnerWorker.runSuite(SuiteRunnerWorker.java:52)\r\n\tat org.testng.SuiteRunnerWorker.run(SuiteRunnerWorker.java:95)\r\n\tat org.testng.TestNG.runSuitesSequentially(TestNG.java:1280)\r\n\tat org.testng.TestNG.runSuitesLocally(TestNG.java:1200)\r\n\tat org.testng.TestNG.runSuites(TestNG.java:1114)\r\n\tat org.testng.TestNG.run(TestNG.java:1082)\r\n\tat com.intellij.rt.testng.IDEARemoteTestNG.run(IDEARemoteTestNG.java:66)\r\n\tat com.intellij.rt.testng.RemoteTestNGStarter.main(RemoteTestNGStarter.java:105)\r\nCaused by: java.lang.NullPointerException: Cannot invoke \"org.openqa.selenium.WebDriver.getCurrentUrl()\" because the return value of \"com.shaft.driver.internal.DriverFactoryHelper.getDriver()\" is null\r\n\tat com.shaft.gui.browser.BrowserActions.navigateToURL(BrowserActions.java:333)\r\n\t... 28 more\r\n"},"stage":"finished","steps":[{"name":"Navigate to url failed \"https://subscribe.stctv.com/sa-en\".","status":"passed","statusDetails":{"known":false,"muted":false,"flaky":false,"trace":"java.lang.NullPointerException: Cannot invoke \"org.openqa.selenium.WebDriver.getCurrentUrl()\" because the return value of \"com.shaft.driver.internal.DriverFactoryHelper.getDriver()\" is null\r\n com.shaft.gui.browser.BrowserActions.navigateToURL(BrowserActions.java:333)\r\n com.shaft.gui.browser.BrowserActions.navigateToURL(BrowserActions.java:267)\r\n pages.PackagesPage.navigateTo(PackagesPage.java:29)\r\n pomDesignPatternTests.Tests.verifyPackageTypeAndPrice(Tests.java:34)\r\n java.base/jdk.internal.reflect.DirectMethodHandleAccessor.invoke(DirectMethodHandleAccessor.java:103)\r\n java.base/java.lang.reflect.Method.invoke(Method.java:580)\r\n org.testng.internal.invokers.MethodInvocationHelper.invokeMethod(MethodInvocationHelper.java:139)\r\n org.testng.internal.invokers.TestInvoker.invokeMethod(TestInvoker.java:664)\r\n org.testng.internal.invokers.TestInvoker.invokeTestMethod(TestInvoker.java:227)\r\n org.testng.internal.invokers.MethodRunner.runInSequence(MethodRunner.java:50)\r\n org.testng.internal.invokers.TestInvoker$MethodInvocationAgent.invoke(TestInvoker.java:957)\r\n org.testng.internal.invokers.TestInvoker.invokeTestMethods(TestInvoker.java:200)\r\n org.testng.internal.invokers.TestMethodWorker.invokeTestMethods(TestMethodWorker.java:148)\r\n org.testng.internal.invokers.TestMethodWorker.run(TestMethodWorker.java:128)\r\n java.base/java.util.ArrayList.forEach(ArrayList.java:1596)\r\n org.testng.TestRunner.privateRun(TestRunner.java:848)\r\n org.testng.TestRunner.run(TestRunner.java:621)\r\n org.testng.SuiteRunner.runTest(SuiteRunner.java:443)\r\n org.testng.SuiteRunner.runSequentially(SuiteRunner.java:437)\r\n org.testng.SuiteRunner.privateRun(SuiteRunner.java:397)\r\n org.testng.SuiteRunner.run(SuiteRunner.java:336)\r\n org.testng.SuiteRunnerWorker.runSuite(SuiteRunnerWorker.java:52)\r\n org.testng.SuiteRunnerWorker.run(SuiteRunnerWorker.java:95)\r\n org.testng.TestNG.runSuitesSequentially(TestNG.java:1280)\r\n org.testng.TestNG.runSuitesLocally(TestNG.java:1200)\r\n org.testng.TestNG.runSuites(TestNG.java:1114)\r\n org.testng.TestNG.run(TestNG.java:1082)\r\n com.intellij.rt.testng.IDEARemoteTestNG.run(IDEARemoteTestNG.java:66)\r\n com.intellij.rt.testng.RemoteTestNGStarter.main(RemoteTestNGStarter.java:105)"},"stage":"finished","steps":[],"attachments":[{"name":"Browser Action Exception - Navigate to url - Stacktrace","source":"1b567657-9761-48d8-b6b1-b4c56a66a7a9-attachment"}],"parameters":[{"name":"logText","value":"Navigate to url failed \"https://subscribe.stctv.com/sa-en\"."},{"name":"attachments","value":"[[Browser Action Exception - Navigate to url, Stacktrace, java.lang.NullPointerException: Cannot invoke \"org.openqa.selenium.WebDriver.getCurrentUrl()\" because the return value of \"com.shaft.driver.internal.DriverFactoryHelper.getDriver()\" is null\r\n com.shaft.gui.browser.BrowserActions.navigateToURL(BrowserActions.java:333)\r\n com.shaft.gui.browser.BrowserActions.navigateToURL(BrowserActions.java:267)\r\n pages.PackagesPage.navigateTo(PackagesPage.java:29)\r\n pomDesignPatternTests.Tests.verifyPackageTypeAndPrice(Tests.java:34)\r\n java.base/jdk.internal.reflect.DirectMethodHandleAccessor.invoke(DirectMethodHandleAccessor.java:103)\r\n java.base/java.lang.reflect.Method.invoke(Method.java:580)\r\n org.testng.internal.invokers.MethodInvocationHelper.invokeMethod(MethodInvocationHelper.java:139)\r\n org.testng.internal.invokers.TestInvoker.invokeMethod(TestInvoker.java:664)\r\n org.testng.internal.invokers.TestInvoker.invokeTestMethod(TestInvoker.java:227)\r\n org.testng.internal.invokers.MethodRunner.runInSequence(MethodRunner.java:50)\r\n org.testng.internal.invokers.TestInvoker$MethodInvocationAgent.invoke(TestInvoker.java:957)\r\n org.testng.internal.invokers.TestInvoker.invokeTestMethods(TestInvoker.java:200)\r\n org.testng.internal.invokers.TestMethodWorker.invokeTestMethods(TestMethodWorker.java:148)\r\n org.testng.internal.invokers.TestMethodWorker.run(TestMethodWorker.java:128)\r\n java.base/java.util.ArrayList.forEach(ArrayList.java:1596)\r\n org.testng.TestRunner.privateRun(TestRunner.java:848)\r\n org.testng.TestRunner.run(TestRunner.java:621)\r\n org.testng.SuiteRunner.runTest(SuiteRunner.java:443)\r\n org.testng.SuiteRunner.runSequentially(SuiteRunner.java:437)\r\n org.testng.SuiteRunner.privateRun(SuiteRunner.java:397)\r\n org.testng.SuiteRunner.run(SuiteRunner.java:336)\r\n org.testng.SuiteRunnerWorker.runSuite(SuiteRunnerWorker.java:52)\r\n org.testng.SuiteRunnerWorker.run(SuiteRunnerWorker.java:95)\r\n org.testng.TestNG.runSuitesSequentially(TestNG.java:1280)\r\n org.testng.TestNG.runSuitesLocally(TestNG.java:1200)\r\n org.testng.TestNG.runSuites(TestNG.java:1114)\r\n org.testng.TestNG.run(TestNG.java:1082)\r\n com.intellij.rt.testng.IDEARemoteTestNG.run(IDEARemoteTestNG.java:66)\r\n com.intellij.rt.testng.RemoteTestNGStarter.main(RemoteTestNGStarter.java:105)\r\n]]"},{"name":"status","value":"FAIL"}],"start":1703018760053,"stop":1703018760157},{"name":"Navigate to url failed \"https://subscribe.stctv.com/sa-en\". Root cause: \"java.lang.NullPointerException: Cannot invoke \"org.openqa.selenium.WebDriver.getCurrentUrl()\" because the return value of \"com.shaft.driver.internal.DriverFactoryHelper.getDriver()\" is null\"","status":"passed","statusDetails":{"known":false,"muted":false,"flaky":false,"trace":"java.lang.NullPointerException: Cannot invoke \"org.openqa.selenium.WebDriver.getCurrentUrl()\" because the return value of \"com.shaft.driver.internal.DriverFactoryHelper.getDriver()\" is null\r\n com.shaft.gui.browser.BrowserActions.navigateToURL(BrowserActions.java:333)\r\n com.shaft.gui.browser.BrowserActions.navigateToURL(BrowserActions.java:267)\r\n pages.PackagesPage.navigateTo(PackagesPage.java:29)\r\n pomDesignPatternTests.Tests.verifyPackageTypeAndPrice(Tests.java:34)\r\n java.base/jdk.internal.reflect.DirectMethodHandleAccessor.invoke(DirectMethodHandleAccessor.java:103)\r\n java.base/java.lang.reflect.Method.invoke(Method.java:580)\r\n org.testng.internal.invokers.MethodInvocationHelper.invokeMethod(MethodInvocationHelper.java:139)\r\n org.testng.internal.invokers.TestInvoker.invokeMethod(TestInvoker.java:664)\r\n org.testng.internal.invokers.TestInvoker.invokeTestMethod(TestInvoker.java:227)\r\n org.testng.internal.invokers.MethodRunner.runInSequence(MethodRunner.java:50)\r\n org.testng.internal.invokers.TestInvoker$MethodInvocationAgent.invoke(TestInvoker.java:957)\r\n org.testng.internal.invokers.TestInvoker.invokeTestMethods(TestInvoker.java:200)\r\n org.testng.internal.invokers.TestMethodWorker.invokeTestMethods(TestMethodWorker.java:148)\r\n org.testng.internal.invokers.TestMethodWorker.run(TestMethodWorker.java:128)\r\n java.base/java.util.ArrayList.forEach(ArrayList.java:1596)\r\n org.testng.TestRunner.privateRun(TestRunner.java:848)\r\n org.testng.TestRunner.run(TestRunner.java:621)\r\n org.testng.SuiteRunner.runTest(SuiteRunner.java:443)\r\n org.testng.SuiteRunner.runSequentially(SuiteRunner.java:437)\r\n org.testng.SuiteRunner.privateRun(SuiteRunner.java:397)\r\n org.testng.SuiteRunner.run(SuiteRunner.java:336)\r\n org.testng.SuiteRunnerWorker.runSuite(SuiteRunnerWorker.java:52)\r\n org.testng.SuiteRunnerWorker.run(SuiteRunnerWorker.java:95)\r\n org.testng.TestNG.runSuitesSequentially(TestNG.java:1280)\r\n org.testng.TestNG.runSuitesLocally(TestNG.java:1200)\r\n org.testng.TestNG.runSuites(TestNG.java:1114)\r\n org.testng.TestNG.run(TestNG.java:1082)\r\n com.intellij.rt.testng.IDEARemoteTestNG.run(IDEARemoteTestNG.java:66)\r\n com.intellij.rt.testng.RemoteTestNGStarter.main(RemoteTestNGStarter.java:105)"},"stage":"finished","steps":[],"attachments":[{"name":"Database actions - Get  stack  trace - Exception Stacktrace","source":"2b3ee5b3-dc92-4ffc-a4e6-fc28ef0654cd-attachment"}],"parameters":[{"name":"logText","value":"Navigate to url failed \"https://subscribe.stctv.com/sa-en\". Root cause: \"java.lang.NullPointerException: Cannot invoke \"org.openqa.selenium.WebDriver.getCurrentUrl()\" because the return value of \"com.shaft.driver.internal.DriverFactoryHelper.getDriver()\" is null\""},{"name":"attachments","value":"[[Database actions - Get  stack  trace, Exception Stacktrace, java.lang.NullPointerException: Cannot invoke \"org.openqa.selenium.WebDriver.getCurrentUrl()\" because the return value of \"com.shaft.driver.internal.DriverFactoryHelper.getDriver()\" is null\r\n com.shaft.gui.browser.BrowserActions.navigateToURL(BrowserActions.java:333)\r\n com.shaft.gui.browser.BrowserActions.navigateToURL(BrowserActions.java:267)\r\n pages.PackagesPage.navigateTo(PackagesPage.java:29)\r\n pomDesignPatternTests.Tests.verifyPackageTypeAndPrice(Tests.java:34)\r\n java.base/jdk.internal.reflect.DirectMethodHandleAccessor.invoke(DirectMethodHandleAccessor.java:103)\r\n java.base/java.lang.reflect.Method.invoke(Method.java:580)\r\n org.testng.internal.invokers.MethodInvocationHelper.invokeMethod(MethodInvocationHelper.java:139)\r\n org.testng.internal.invokers.TestInvoker.invokeMethod(TestInvoker.java:664)\r\n org.testng.internal.invokers.TestInvoker.invokeTestMethod(TestInvoker.java:227)\r\n org.testng.internal.invokers.MethodRunner.runInSequence(MethodRunner.java:50)\r\n org.testng.internal.invokers.TestInvoker$MethodInvocationAgent.invoke(TestInvoker.java:957)\r\n org.testng.internal.invokers.TestInvoker.invokeTestMethods(TestInvoker.java:200)\r\n org.testng.internal.invokers.TestMethodWorker.invokeTestMethods(TestMethodWorker.java:148)\r\n org.testng.internal.invokers.TestMethodWorker.run(TestMethodWorker.java:128)\r\n java.base/java.util.ArrayList.forEach(ArrayList.java:1596)\r\n org.testng.TestRunner.privateRun(TestRunner.java:848)\r\n org.testng.TestRunner.run(TestRunner.java:621)\r\n org.testng.SuiteRunner.runTest(SuiteRunner.java:443)\r\n org.testng.SuiteRunner.runSequentially(SuiteRunner.java:437)\r\n org.testng.SuiteRunner.privateRun(SuiteRunner.java:397)\r\n org.testng.SuiteRunner.run(SuiteRunner.java:336)\r\n org.testng.SuiteRunnerWorker.runSuite(SuiteRunnerWorker.java:52)\r\n org.testng.SuiteRunnerWorker.run(SuiteRunnerWorker.java:95)\r\n org.testng.TestNG.runSuitesSequentially(TestNG.java:1280)\r\n org.testng.TestNG.runSuitesLocally(TestNG.java:1200)\r\n org.testng.TestNG.runSuites(TestNG.java:1114)\r\n org.testng.TestNG.run(TestNG.java:1082)\r\n com.intellij.rt.testng.IDEARemoteTestNG.run(IDEARemoteTestNG.java:66)\r\n com.intellij.rt.testng.RemoteTestNGStarter.main(RemoteTestNGStarter.java:105)\r\n]]"},{"name":"status","value":"FAIL"}],"start":1703018760206,"stop":1703018760217}],"attachments":[],"parameters":[{"name":"url","value":"https://subscribe.stctv.com/sa-en"}],"start":1703018759870,"stop":1703018760269}],"attachments":[{"name":"SHAFT Engine Logs - Current Method log: verifyPackageTypeAndPrice","source":"13ac0f03-0956-4d7d-894d-8541c74d0685-attachment.txt","type":"text/plain"}],"parameters":[],"start":1703018759782,"stop":1703018760332}