java.lang.AssertionError: Failed to Get text from "By.xpath: //span[@class='error-msg']".
 org.testng.Assert.fail(Assert.java:99)
 com.shaft.gui.element.internal.ElementActionsHelper.failAction(ElementActionsHelper.java:1130)
 com.shaft.gui.element.internal.ElementActionsHelper.failAction(ElementActionsHelper.java:1061)
 com.shaft.gui.element.ElementActions.getText(ElementActions.java:599)
 com.shaft.validation.internal.ValidationsHelper.validateElementAttribute(ValidationsHelper.java:152)
 com.shaft.validation.internal.ValidationsExecutor.performValidation(ValidationsExecutor.java:167)
 com.shaft.validation.internal.ValidationsExecutor.perform(ValidationsExecutor.java:149)
 pages.LoginPage.verifyLoginIdNotExistError(LoginPage.java:32)
 pomDesignPatternTests.Tests.verifyLoginIdNotExistError(Tests.java:59)
 java.base/jdk.internal.reflect.DirectMethodHandleAccessor.invoke(DirectMethodHandleAccessor.java:103)
 java.base/java.lang.reflect.Method.invoke(Method.java:580)
 org.testng.internal.invokers.MethodInvocationHelper.invokeMethod(MethodInvocationHelper.java:139)
 org.testng.internal.invokers.TestInvoker.invokeMethod(TestInvoker.java:664)
 org.testng.internal.invokers.TestInvoker.invokeTestMethod(TestInvoker.java:227)
 org.testng.internal.invokers.MethodRunner.runInSequence(MethodRunner.java:50)
 org.testng.internal.invokers.TestInvoker$MethodInvocationAgent.invoke(TestInvoker.java:957)
 org.testng.internal.invokers.TestInvoker.invokeTestMethods(TestInvoker.java:200)
 org.testng.internal.invokers.TestMethodWorker.invokeTestMethods(TestMethodWorker.java:148)
 org.testng.internal.invokers.TestMethodWorker.run(TestMethodWorker.java:128)
 java.base/java.util.ArrayList.forEach(ArrayList.java:1596)
 org.testng.TestRunner.privateRun(TestRunner.java:848)
 org.testng.TestRunner.run(TestRunner.java:621)
 org.testng.SuiteRunner.runTest(SuiteRunner.java:443)
 org.testng.SuiteRunner.runSequentially(SuiteRunner.java:437)
 org.testng.SuiteRunner.privateRun(SuiteRunner.java:397)
 org.testng.SuiteRunner.run(SuiteRunner.java:336)
 org.testng.SuiteRunnerWorker.runSuite(SuiteRunnerWorker.java:52)
 org.testng.SuiteRunnerWorker.run(SuiteRunnerWorker.java:95)
 org.testng.TestNG.runSuitesSequentially(TestNG.java:1280)
 org.testng.TestNG.runSuitesLocally(TestNG.java:1200)
 org.testng.TestNG.runSuites(TestNG.java:1114)
 org.testng.TestNG.run(TestNG.java:1082)
 com.intellij.rt.testng.IDEARemoteTestNG.run(IDEARemoteTestNG.java:66)
 com.intellij.rt.testng.RemoteTestNGStarter.main(RemoteTestNGStarter.java:105)

Caused by: java.lang.AssertionError: Failed to identify unique element using this locator "By.xpath: //span[@class='error-msg']" Root cause: "org.openqa.selenium.NoSuchElementException: no such element: Unable to locate element: {"method":"xpath","selector":"//span[@class='error-msg']"}"
 org.testng.Assert.fail(Assert.java:99)
 com.shaft.tools.io.internal.FailureReporter.fail(FailureReporter.java:38)
 com.shaft.gui.element.internal.ElementActionsHelper.identifyUniqueElement(ElementActionsHelper.java:970)
 com.shaft.gui.element.internal.ElementActionsHelper.identifyUniqueElementIgnoringVisibility(ElementActionsHelper.java:958)
 com.shaft.gui.element.ElementActions.getText(ElementActions.java:570)
 com.shaft.validation.internal.ValidationsHelper.validateElementAttribute(ValidationsHelper.java:152)
 com.shaft.validation.internal.ValidationsExecutor.performValidation(ValidationsExecutor.java:167)
 com.shaft.validation.internal.ValidationsExecutor.perform(ValidationsExecutor.java:149)
 pages.LoginPage.verifyLoginIdNotExistError(LoginPage.java:32)
 pomDesignPatternTests.Tests.verifyLoginIdNotExistError(Tests.java:59)
 java.base/jdk.internal.reflect.DirectMethodHandleAccessor.invoke(DirectMethodHandleAccessor.java:103)
 java.base/java.lang.reflect.Method.invoke(Method.java:580)
 org.testng.internal.invokers.MethodInvocationHelper.invokeMethod(MethodInvocationHelper.java:139)
 org.testng.internal.invokers.TestInvoker.invokeMethod(TestInvoker.java:664)
 org.testng.internal.invokers.TestInvoker.invokeTestMethod(TestInvoker.java:227)
 org.testng.internal.invokers.MethodRunner.runInSequence(MethodRunner.java:50)
 org.testng.internal.invokers.TestInvoker$MethodInvocationAgent.invoke(TestInvoker.java:957)
 org.testng.internal.invokers.TestInvoker.invokeTestMethods(TestInvoker.java:200)
 org.testng.internal.invokers.TestMethodWorker.invokeTestMethods(TestMethodWorker.java:148)
 org.testng.internal.invokers.TestMethodWorker.run(TestMethodWorker.java:128)
 java.base/java.util.ArrayList.forEach(ArrayList.java:1596)
 org.testng.TestRunner.privateRun(TestRunner.java:848)
 org.testng.TestRunner.run(TestRunner.java:621)
 org.testng.SuiteRunner.runTest(SuiteRunner.java:443)
 org.testng.SuiteRunner.runSequentially(SuiteRunner.java:437)
 org.testng.SuiteRunner.privateRun(SuiteRunner.java:397)
 org.testng.SuiteRunner.run(SuiteRunner.java:336)
 org.testng.SuiteRunnerWorker.runSuite(SuiteRunnerWorker.java:52)
 org.testng.SuiteRunnerWorker.run(SuiteRunnerWorker.java:95)
 org.testng.TestNG.runSuitesSequentially(TestNG.java:1280)
 org.testng.TestNG.runSuitesLocally(TestNG.java:1200)
 org.testng.TestNG.runSuites(TestNG.java:1114)
 org.testng.TestNG.run(TestNG.java:1082)
 com.intellij.rt.testng.IDEARemoteTestNG.run(IDEARemoteTestNG.java:66)
 com.intellij.rt.testng.RemoteTestNGStarter.main(RemoteTestNGStarter.java:105)

Caused by: org.openqa.selenium.TimeoutException: Expected condition failed: waiting for com.shaft.gui.element.internal.ElementActionsHelper$$Lambda/0x0000021cc36c3cd0@2e4752cc (tried for 60 second(s) with 100 milliseconds interval)
 org.openqa.selenium.support.ui.FluentWait.timeoutException(FluentWait.java:261)
 org.openqa.selenium.support.ui.FluentWait.until(FluentWait.java:229)
 com.shaft.gui.element.internal.ElementActionsHelper.waitForElementPresence(ElementActionsHelper.java:176)
 com.shaft.gui.element.internal.ElementActionsHelper.getMatchingElementsInformation(ElementActionsHelper.java:1000)
 com.shaft.gui.element.internal.ElementActionsHelper.identifyUniqueElement(ElementActionsHelper.java:963)
 com.shaft.gui.element.internal.ElementActionsHelper.identifyUniqueElementIgnoringVisibility(ElementActionsHelper.java:958)
 com.shaft.gui.element.ElementActions.getText(ElementActions.java:570)
 com.shaft.validation.internal.ValidationsHelper.validateElementAttribute(ValidationsHelper.java:152)
 com.shaft.validation.internal.ValidationsExecutor.performValidation(ValidationsExecutor.java:167)
 com.shaft.validation.internal.ValidationsExecutor.perform(ValidationsExecutor.java:149)
 pages.LoginPage.verifyLoginIdNotExistError(LoginPage.java:32)
 pomDesignPatternTests.Tests.verifyLoginIdNotExistError(Tests.java:59)
 java.base/jdk.internal.reflect.DirectMethodHandleAccessor.invoke(DirectMethodHandleAccessor.java:103)
 java.base/java.lang.reflect.Method.invoke(Method.java:580)
 org.testng.internal.invokers.MethodInvocationHelper.invokeMethod(MethodInvocationHelper.java:139)
 org.testng.internal.invokers.TestInvoker.invokeMethod(TestInvoker.java:664)
 org.testng.internal.invokers.TestInvoker.invokeTestMethod(TestInvoker.java:227)
 org.testng.internal.invokers.MethodRunner.runInSequence(MethodRunner.java:50)
 org.testng.internal.invokers.TestInvoker$MethodInvocationAgent.invoke(TestInvoker.java:957)
 org.testng.internal.invokers.TestInvoker.invokeTestMethods(TestInvoker.java:200)
 org.testng.internal.invokers.TestMethodWorker.invokeTestMethods(TestMethodWorker.java:148)
 org.testng.internal.invokers.TestMethodWorker.run(TestMethodWorker.java:128)
 java.base/java.util.ArrayList.forEach(ArrayList.java:1596)
 org.testng.TestRunner.privateRun(TestRunner.java:848)
 org.testng.TestRunner.run(TestRunner.java:621)
 org.testng.SuiteRunner.runTest(SuiteRunner.java:443)
 org.testng.SuiteRunner.runSequentially(SuiteRunner.java:437)
 org.testng.SuiteRunner.privateRun(SuiteRunner.java:397)
 org.testng.SuiteRunner.run(SuiteRunner.java:336)
 org.testng.SuiteRunnerWorker.runSuite(SuiteRunnerWorker.java:52)
 org.testng.SuiteRunnerWorker.run(SuiteRunnerWorker.java:95)
 org.testng.TestNG.runSuitesSequentially(TestNG.java:1280)
 org.testng.TestNG.runSuitesLocally(TestNG.java:1200)
 org.testng.TestNG.runSuites(TestNG.java:1114)
 org.testng.TestNG.run(TestNG.java:1082)
 com.intellij.rt.testng.IDEARemoteTestNG.run(IDEARemoteTestNG.java:66)
 com.intellij.rt.testng.RemoteTestNGStarter.main(RemoteTestNGStarter.java:105)

Caused by: org.openqa.selenium.NoSuchElementException: no such element: Unable to locate element: {"method":"xpath","selector":"//span[@class='error-msg']"}
  (Session info: MicrosoftEdge=120.0.2210.61)
For documentation on this error, please visit: https://www.selenium.dev/documentation/webdriver/troubleshooting/errors#no-such-element-exception
Build info: version: '4.16.1', revision: '9b4c83354e'
System info: os.name: 'Windows 10', os.arch: 'amd64', os.version: '10.0', java.version: '21'
Driver info: org.openqa.selenium.edge.EdgeDriver
Command: [bc0211885aa4d3e04e2103c6acdcc382, findElement {using=xpath, value=//span[@class='error-msg']}]
Capabilities {acceptInsecureCerts: true, browserName: MicrosoftEdge, browserVersion: 120.0.2210.61, fedcm:accounts: true, ms:edgeOptions: {debuggerAddress: localhost:56009}, msedge: {msedgedriverVersion: 120.0.2210.77 (e8468c80f044..., userDataDir: C:\Users\AHMEDZ~1\AppData\L...}, networkConnectionEnabled: false, pageLoadStrategy: none, platformName: windows, proxy: Proxy(), se:cdp: ws://localhost:56009/devtoo..., se:cdpVersion: 120.0.2210.61, setWindowRect: true, strictFileInteractability: false, timeouts: {implicit: 0, pageLoad: 60000, script: 60000}, unhandledPromptBehavior: ignore, webSocketUrl: ws://localhost:32093/sessio..., webauthn:extension:credBlob: true, webauthn:extension:largeBlob: true, webauthn:extension:minPinLength: true, webauthn:extension:prf: true, webauthn:virtualAuthenticators: true}
Session ID: bc0211885aa4d3e04e2103c6acdcc382
 java.base/jdk.internal.reflect.DirectConstructorHandleAccessor.newInstance(DirectConstructorHandleAccessor.java:62)
 java.base/java.lang.reflect.Constructor.newInstanceWithCaller(Constructor.java:502)
 java.base/java.lang.reflect.Constructor.newInstance(Constructor.java:486)
 org.openqa.selenium.remote.codec.w3c.W3CHttpResponseCodec.createException(W3CHttpResponseCodec.java:200)
 org.openqa.selenium.remote.codec.w3c.W3CHttpResponseCodec.decode(W3CHttpResponseCodec.java:133)
 org.openqa.selenium.remote.codec.w3c.W3CHttpResponseCodec.decode(W3CHttpResponseCodec.java:52)
 org.openqa.selenium.remote.HttpCommandExecutor.execute(HttpCommandExecutor.java:191)
 org.openqa.selenium.remote.service.DriverCommandExecutor.invokeExecute(DriverCommandExecutor.java:200)
 org.openqa.selenium.remote.service.DriverCommandExecutor.execute(DriverCommandExecutor.java:175)
 org.openqa.selenium.remote.RemoteWebDriver.execute(RemoteWebDriver.java:523)
 org.openqa.selenium.remote.ElementLocation$ElementFinder$2.findElement(ElementLocation.java:165)
 org.openqa.selenium.remote.ElementLocation.findElement(ElementLocation.java:59)
 org.openqa.selenium.remote.RemoteWebDriver.findElement(RemoteWebDriver.java:360)
 org.openqa.selenium.remote.RemoteWebDriver.findElement(RemoteWebDriver.java:354)
 com.shaft.gui.element.internal.ElementActionsHelper.lambda$waitForElementPresence$0(ElementActionsHelper.java:190)
 org.openqa.selenium.support.ui.FluentWait.until(FluentWait.java:204)
 com.shaft.gui.element.internal.ElementActionsHelper.waitForElementPresence(ElementActionsHelper.java:176)
 com.shaft.gui.element.internal.ElementActionsHelper.getMatchingElementsInformation(ElementActionsHelper.java:1000)
 com.shaft.gui.element.internal.ElementActionsHelper.identifyUniqueElement(ElementActionsHelper.java:963)
 com.shaft.gui.element.internal.ElementActionsHelper.identifyUniqueElementIgnoringVisibility(ElementActionsHelper.java:958)
 com.shaft.gui.element.ElementActions.getText(ElementActions.java:570)
 com.shaft.validation.internal.ValidationsHelper.validateElementAttribute(ValidationsHelper.java:152)
 com.shaft.validation.internal.ValidationsExecutor.performValidation(ValidationsExecutor.java:167)
 com.shaft.validation.internal.ValidationsExecutor.perform(ValidationsExecutor.java:149)
 pages.LoginPage.verifyLoginIdNotExistError(LoginPage.java:32)
 pomDesignPatternTests.Tests.verifyLoginIdNotExistError(Tests.java:59)
 java.base/jdk.internal.reflect.DirectMethodHandleAccessor.invoke(DirectMethodHandleAccessor.java:103)
 java.base/java.lang.reflect.Method.invoke(Method.java:580)
 org.testng.internal.invokers.MethodInvocationHelper.invokeMethod(MethodInvocationHelper.java:139)
 org.testng.internal.invokers.TestInvoker.invokeMethod(TestInvoker.java:664)
 org.testng.internal.invokers.TestInvoker.invokeTestMethod(TestInvoker.java:227)
 org.testng.internal.invokers.MethodRunner.runInSequence(MethodRunner.java:50)
 org.testng.internal.invokers.TestInvoker$MethodInvocationAgent.invoke(TestInvoker.java:957)
 org.testng.internal.invokers.TestInvoker.invokeTestMethods(TestInvoker.java:200)
 org.testng.internal.invokers.TestMethodWorker.invokeTestMethods(TestMethodWorker.java:148)
 org.testng.internal.invokers.TestMethodWorker.run(TestMethodWorker.java:128)
 java.base/java.util.ArrayList.forEach(ArrayList.java:1596)
 org.testng.TestRunner.privateRun(TestRunner.java:848)
 org.testng.TestRunner.run(TestRunner.java:621)
 org.testng.SuiteRunner.runTest(SuiteRunner.java:443)
 org.testng.SuiteRunner.runSequentially(SuiteRunner.java:437)
 org.testng.SuiteRunner.privateRun(SuiteRunner.java:397)
 org.testng.SuiteRunner.run(SuiteRunner.java:336)
 org.testng.SuiteRunnerWorker.runSuite(SuiteRunnerWorker.java:52)
 org.testng.SuiteRunnerWorker.run(SuiteRunnerWorker.java:95)
 org.testng.TestNG.runSuitesSequentially(TestNG.java:1280)
 org.testng.TestNG.runSuitesLocally(TestNG.java:1200)
 org.testng.TestNG.runSuites(TestNG.java:1114)
 org.testng.TestNG.run(TestNG.java:1082)
 com.intellij.rt.testng.IDEARemoteTestNG.run(IDEARemoteTestNG.java:66)
 com.intellij.rt.testng.RemoteTestNGStarter.main(RemoteTestNGStarter.java:105)
