{"uuid":"c6fea363-3148-454d-944d-62d06fe641a0","historyId":"6e7657d0056a003a3da473e9eb92b50e","fullName":"pomDesignPatternTests.Tests.verifyLoginIdNotExistError","labels":[{"name":"package","value":"pomDesignPatternTests.Tests"},{"name":"testClass","value":"pomDesignPatternTests.Tests"},{"name":"testMethod","value":"verifyLoginIdNotExistError"},{"name":"parentSuite","value":"Default Suite"},{"name":"suite","value":"AssessmentTask"},{"name":"subSuite","value":"pomDesignPatternTests.Tests"},{"name":"host","value":"AZanoon"},{"name":"thread","value":"26740@AZanoon.main(1)"},{"name":"framework","value":"testng"},{"name":"language","value":"java"}],"links":[],"name":"verifyLoginIdNotExistError","status":"failed","statusDetails":{"known":false,"muted":false,"flaky":false,"message":"Assertion \"ValidateElementAttribute\" FAILED. Expected \"Value Should be 'Login ID does not exist.' for the 'text' attribute, element locator 'By.xpath: //span[@class='error-msg']'\" and Actual \"Failed to read the desired element attribute\". Comparison Type \"CONTAINS\". Validation Type \"POSITIVE\". Root cause: \"org.openqa.selenium.NoSuchElementException: no such element: Unable to locate element: {\"method\":\"xpath\",\"selector\":\"//span[@class='error-msg']\"}\"","trace":"java.lang.AssertionError: Assertion \"ValidateElementAttribute\" FAILED. Expected \"Value Should be 'Login ID does not exist.' for the 'text' attribute, element locator 'By.xpath: //span[@class='error-msg']'\" and Actual \"Failed to read the desired element attribute\". Comparison Type \"CONTAINS\". Validation Type \"POSITIVE\". Root cause: \"org.openqa.selenium.NoSuchElementException: no such element: Unable to locate element: {\"method\":\"xpath\",\"selector\":\"//span[@class='error-msg']\"}\"\r\n\tat org.testng.Assert.fail(Assert.java:99)\r\n\tat com.shaft.tools.io.internal.FailureReporter.fail(FailureReporter.java:38)\r\n\tat com.shaft.validation.internal.ValidationsHelper.reportValidationState(ValidationsHelper.java:648)\r\n\tat com.shaft.validation.internal.ValidationsHelper.fail(ValidationsHelper.java:395)\r\n\tat com.shaft.validation.internal.ValidationsHelper.validateElementAttribute(ValidationsHelper.java:164)\r\n\tat com.shaft.validation.internal.ValidationsExecutor.performValidation(ValidationsExecutor.java:167)\r\n\tat com.shaft.validation.internal.ValidationsExecutor.perform(ValidationsExecutor.java:149)\r\n\tat pages.LoginPage.verifyLoginIdNotExistError(LoginPage.java:32)\r\n\tat pomDesignPatternTests.Tests.verifyLoginIdNotExistError(Tests.java:59)\r\n\tat java.base/jdk.internal.reflect.DirectMethodHandleAccessor.invoke(DirectMethodHandleAccessor.java:103)\r\n\tat java.base/java.lang.reflect.Method.invoke(Method.java:580)\r\n\tat org.testng.internal.invokers.MethodInvocationHelper.invokeMethod(MethodInvocationHelper.java:139)\r\n\tat org.testng.internal.invokers.TestInvoker.invokeMethod(TestInvoker.java:664)\r\n\tat org.testng.internal.invokers.TestInvoker.invokeTestMethod(TestInvoker.java:227)\r\n\tat org.testng.internal.invokers.MethodRunner.runInSequence(MethodRunner.java:50)\r\n\tat org.testng.internal.invokers.TestInvoker$MethodInvocationAgent.invoke(TestInvoker.java:957)\r\n\tat org.testng.internal.invokers.TestInvoker.invokeTestMethods(TestInvoker.java:200)\r\n\tat org.testng.internal.invokers.TestMethodWorker.invokeTestMethods(TestMethodWorker.java:148)\r\n\tat org.testng.internal.invokers.TestMethodWorker.run(TestMethodWorker.java:128)\r\n\tat java.base/java.util.ArrayList.forEach(ArrayList.java:1596)\r\n\tat org.testng.TestRunner.privateRun(TestRunner.java:848)\r\n\tat org.testng.TestRunner.run(TestRunner.java:621)\r\n\tat org.testng.SuiteRunner.runTest(SuiteRunner.java:443)\r\n\tat org.testng.SuiteRunner.runSequentially(SuiteRunner.java:437)\r\n\tat org.testng.SuiteRunner.privateRun(SuiteRunner.java:397)\r\n\tat org.testng.SuiteRunner.run(SuiteRunner.java:336)\r\n\tat org.testng.SuiteRunnerWorker.runSuite(SuiteRunnerWorker.java:52)\r\n\tat org.testng.SuiteRunnerWorker.run(SuiteRunnerWorker.java:95)\r\n\tat org.testng.TestNG.runSuitesSequentially(TestNG.java:1280)\r\n\tat org.testng.TestNG.runSuitesLocally(TestNG.java:1200)\r\n\tat org.testng.TestNG.runSuites(TestNG.java:1114)\r\n\tat org.testng.TestNG.run(TestNG.java:1082)\r\n\tat com.intellij.rt.testng.IDEARemoteTestNG.run(IDEARemoteTestNG.java:66)\r\n\tat com.intellij.rt.testng.RemoteTestNGStarter.main(RemoteTestNGStarter.java:105)\r\nCaused by: java.lang.AssertionError: Failed to Get text from \"By.xpath: //span[@class='error-msg']\".\r\n\tat org.testng.Assert.fail(Assert.java:99)\r\n\tat com.shaft.gui.element.internal.ElementActionsHelper.failAction(ElementActionsHelper.java:1130)\r\n\tat com.shaft.gui.element.internal.ElementActionsHelper.failAction(ElementActionsHelper.java:1061)\r\n\tat com.shaft.gui.element.ElementActions.getText(ElementActions.java:599)\r\n\tat com.shaft.validation.internal.ValidationsHelper.validateElementAttribute(ValidationsHelper.java:152)\r\n\t... 29 more\r\nCaused by: java.lang.AssertionError: Failed to identify unique element using this locator \"By.xpath: //span[@class='error-msg']\" Root cause: \"org.openqa.selenium.NoSuchElementException: no such element: Unable to locate element: {\"method\":\"xpath\",\"selector\":\"//span[@class='error-msg']\"}\"\r\n\tat org.testng.Assert.fail(Assert.java:99)\r\n\tat com.shaft.tools.io.internal.FailureReporter.fail(FailureReporter.java:38)\r\n\tat com.shaft.gui.element.internal.ElementActionsHelper.identifyUniqueElement(ElementActionsHelper.java:970)\r\n\tat com.shaft.gui.element.internal.ElementActionsHelper.identifyUniqueElementIgnoringVisibility(ElementActionsHelper.java:958)\r\n\tat com.shaft.gui.element.ElementActions.getText(ElementActions.java:570)\r\n\t... 30 more\r\nCaused by: org.openqa.selenium.TimeoutException: Expected condition failed: waiting for com.shaft.gui.element.internal.ElementActionsHelper$$Lambda/0x0000021cc36c3cd0@2e4752cc (tried for 60 second(s) with 100 milliseconds interval)\r\n\tat org.openqa.selenium.support.ui.FluentWait.timeoutException(FluentWait.java:261)\r\n\tat org.openqa.selenium.support.ui.FluentWait.until(FluentWait.java:229)\r\n\tat com.shaft.gui.element.internal.ElementActionsHelper.waitForElementPresence(ElementActionsHelper.java:176)\r\n\tat com.shaft.gui.element.internal.ElementActionsHelper.getMatchingElementsInformation(ElementActionsHelper.java:1000)\r\n\tat com.shaft.gui.element.internal.ElementActionsHelper.identifyUniqueElement(ElementActionsHelper.java:963)\r\n\t... 32 more\r\nCaused by: org.openqa.selenium.NoSuchElementException: no such element: Unable to locate element: {\"method\":\"xpath\",\"selector\":\"//span[@class='error-msg']\"}\n  (Session info: MicrosoftEdge=120.0.2210.61)\nFor documentation on this error, please visit: https://www.selenium.dev/documentation/webdriver/troubleshooting/errors#no-such-element-exception\nBuild info: version: '4.16.1', revision: '9b4c83354e'\nSystem info: os.name: 'Windows 10', os.arch: 'amd64', os.version: '10.0', java.version: '21'\nDriver info: org.openqa.selenium.edge.EdgeDriver\nCommand: [bc0211885aa4d3e04e2103c6acdcc382, findElement {using=xpath, value=//span[@class='error-msg']}]\nCapabilities {acceptInsecureCerts: true, browserName: MicrosoftEdge, browserVersion: 120.0.2210.61, fedcm:accounts: true, ms:edgeOptions: {debuggerAddress: localhost:56009}, msedge: {msedgedriverVersion: 120.0.2210.77 (e8468c80f044..., userDataDir: C:\\Users\\AHMEDZ~1\\AppData\\L...}, networkConnectionEnabled: false, pageLoadStrategy: none, platformName: windows, proxy: Proxy(), se:cdp: ws://localhost:56009/devtoo..., se:cdpVersion: 120.0.2210.61, setWindowRect: true, strictFileInteractability: false, timeouts: {implicit: 0, pageLoad: 60000, script: 60000}, unhandledPromptBehavior: ignore, webSocketUrl: ws://localhost:32093/sessio..., webauthn:extension:credBlob: true, webauthn:extension:largeBlob: true, webauthn:extension:minPinLength: true, webauthn:extension:prf: true, webauthn:virtualAuthenticators: true}\nSession ID: bc0211885aa4d3e04e2103c6acdcc382\r\n\tat java.base/jdk.internal.reflect.DirectConstructorHandleAccessor.newInstance(DirectConstructorHandleAccessor.java:62)\r\n\tat java.base/java.lang.reflect.Constructor.newInstanceWithCaller(Constructor.java:502)\r\n\tat java.base/java.lang.reflect.Constructor.newInstance(Constructor.java:486)\r\n\tat org.openqa.selenium.remote.codec.w3c.W3CHttpResponseCodec.createException(W3CHttpResponseCodec.java:200)\r\n\tat org.openqa.selenium.remote.codec.w3c.W3CHttpResponseCodec.decode(W3CHttpResponseCodec.java:133)\r\n\tat org.openqa.selenium.remote.codec.w3c.W3CHttpResponseCodec.decode(W3CHttpResponseCodec.java:52)\r\n\tat org.openqa.selenium.remote.HttpCommandExecutor.execute(HttpCommandExecutor.java:191)\r\n\tat org.openqa.selenium.remote.service.DriverCommandExecutor.invokeExecute(DriverCommandExecutor.java:200)\r\n\tat org.openqa.selenium.remote.service.DriverCommandExecutor.execute(DriverCommandExecutor.java:175)\r\n\tat org.openqa.selenium.remote.RemoteWebDriver.execute(RemoteWebDriver.java:523)\r\n\tat org.openqa.selenium.remote.ElementLocation$ElementFinder$2.findElement(ElementLocation.java:165)\r\n\tat org.openqa.selenium.remote.ElementLocation.findElement(ElementLocation.java:59)\r\n\tat org.openqa.selenium.remote.RemoteWebDriver.findElement(RemoteWebDriver.java:360)\r\n\tat org.openqa.selenium.remote.RemoteWebDriver.findElement(RemoteWebDriver.java:354)\r\n\tat com.shaft.gui.element.internal.ElementActionsHelper.lambda$waitForElementPresence$0(ElementActionsHelper.java:190)\r\n\tat org.openqa.selenium.support.ui.FluentWait.until(FluentWait.java:204)\r\n\t... 35 more\r\n"},"stage":"finished","steps":[{"name":"Navigation To Supscription Packages Page","status":"passed","stage":"finished","steps":[{"name":"Navigate to url \"https://subscribe.stctv.com/en/user-status/\".","status":"passed","stage":"finished","steps":[],"attachments":[],"parameters":[],"start":1703019726904,"stop":1703019726904}],"attachments":[],"parameters":[{"name":"url","value":"https://subscribe.stctv.com/en/user-status/"}],"start":1703019716225,"stop":1703019726904},{"name":"Type \"email@email2.com\" into \"By.name: username\".","status":"passed","stage":"finished","steps":[],"attachments":[],"parameters":[],"start":1703019727976,"stop":1703019727976},{"name":" Assert that element attribute equals","status":"failed","statusDetails":{"known":false,"muted":false,"flaky":false,"message":"Assertion \"ValidateElementAttribute\" FAILED. Expected \"Value Should be 'Login ID does not exist.' for the 'text' attribute, element locator 'By.xpath: //span[@class='error-msg']'\" and Actual \"Failed to read the desired element attribute\". Comparison Type \"CONTAINS\". Validation Type \"POSITIVE\". Root cause: \"org.openqa.selenium.NoSuchElementException: no such element: Unable to locate element: {\"method\":\"xpath\",\"selector\":\"//span[@class='error-msg']\"}\"","trace":"java.lang.AssertionError: Assertion \"ValidateElementAttribute\" FAILED. Expected \"Value Should be 'Login ID does not exist.' for the 'text' attribute, element locator 'By.xpath: //span[@class='error-msg']'\" and Actual \"Failed to read the desired element attribute\". Comparison Type \"CONTAINS\". Validation Type \"POSITIVE\". Root cause: \"org.openqa.selenium.NoSuchElementException: no such element: Unable to locate element: {\"method\":\"xpath\",\"selector\":\"//span[@class='error-msg']\"}\"\r\n\tat org.testng.Assert.fail(Assert.java:99)\r\n\tat com.shaft.tools.io.internal.FailureReporter.fail(FailureReporter.java:38)\r\n\tat com.shaft.validation.internal.ValidationsHelper.reportValidationState(ValidationsHelper.java:648)\r\n\tat com.shaft.validation.internal.ValidationsHelper.fail(ValidationsHelper.java:395)\r\n\tat com.shaft.validation.internal.ValidationsHelper.validateElementAttribute(ValidationsHelper.java:164)\r\n\tat com.shaft.validation.internal.ValidationsExecutor.performValidation(ValidationsExecutor.java:167)\r\n\tat com.shaft.validation.internal.ValidationsExecutor.perform(ValidationsExecutor.java:149)\r\n\tat pages.LoginPage.verifyLoginIdNotExistError(LoginPage.java:32)\r\n\tat pomDesignPatternTests.Tests.verifyLoginIdNotExistError(Tests.java:59)\r\n\tat java.base/jdk.internal.reflect.DirectMethodHandleAccessor.invoke(DirectMethodHandleAccessor.java:103)\r\n\tat java.base/java.lang.reflect.Method.invoke(Method.java:580)\r\n\tat org.testng.internal.invokers.MethodInvocationHelper.invokeMethod(MethodInvocationHelper.java:139)\r\n\tat org.testng.internal.invokers.TestInvoker.invokeMethod(TestInvoker.java:664)\r\n\tat org.testng.internal.invokers.TestInvoker.invokeTestMethod(TestInvoker.java:227)\r\n\tat org.testng.internal.invokers.MethodRunner.runInSequence(MethodRunner.java:50)\r\n\tat org.testng.internal.invokers.TestInvoker$MethodInvocationAgent.invoke(TestInvoker.java:957)\r\n\tat org.testng.internal.invokers.TestInvoker.invokeTestMethods(TestInvoker.java:200)\r\n\tat org.testng.internal.invokers.TestMethodWorker.invokeTestMethods(TestMethodWorker.java:148)\r\n\tat org.testng.internal.invokers.TestMethodWorker.run(TestMethodWorker.java:128)\r\n\tat java.base/java.util.ArrayList.forEach(ArrayList.java:1596)\r\n\tat org.testng.TestRunner.privateRun(TestRunner.java:848)\r\n\tat org.testng.TestRunner.run(TestRunner.java:621)\r\n\tat org.testng.SuiteRunner.runTest(SuiteRunner.java:443)\r\n\tat org.testng.SuiteRunner.runSequentially(SuiteRunner.java:437)\r\n\tat org.testng.SuiteRunner.privateRun(SuiteRunner.java:397)\r\n\tat org.testng.SuiteRunner.run(SuiteRunner.java:336)\r\n\tat org.testng.SuiteRunnerWorker.runSuite(SuiteRunnerWorker.java:52)\r\n\tat org.testng.SuiteRunnerWorker.run(SuiteRunnerWorker.java:95)\r\n\tat org.testng.TestNG.runSuitesSequentially(TestNG.java:1280)\r\n\tat org.testng.TestNG.runSuitesLocally(TestNG.java:1200)\r\n\tat org.testng.TestNG.runSuites(TestNG.java:1114)\r\n\tat org.testng.TestNG.run(TestNG.java:1082)\r\n\tat com.intellij.rt.testng.IDEARemoteTestNG.run(IDEARemoteTestNG.java:66)\r\n\tat com.intellij.rt.testng.RemoteTestNGStarter.main(RemoteTestNGStarter.java:105)\r\nCaused by: java.lang.AssertionError: Failed to Get text from \"By.xpath: //span[@class='error-msg']\".\r\n\tat org.testng.Assert.fail(Assert.java:99)\r\n\tat com.shaft.gui.element.internal.ElementActionsHelper.failAction(ElementActionsHelper.java:1130)\r\n\tat com.shaft.gui.element.internal.ElementActionsHelper.failAction(ElementActionsHelper.java:1061)\r\n\tat com.shaft.gui.element.ElementActions.getText(ElementActions.java:599)\r\n\tat com.shaft.validation.internal.ValidationsHelper.validateElementAttribute(ValidationsHelper.java:152)\r\n\t... 29 more\r\nCaused by: java.lang.AssertionError: Failed to identify unique element using this locator \"By.xpath: //span[@class='error-msg']\" Root cause: \"org.openqa.selenium.NoSuchElementException: no such element: Unable to locate element: {\"method\":\"xpath\",\"selector\":\"//span[@class='error-msg']\"}\"\r\n\tat org.testng.Assert.fail(Assert.java:99)\r\n\tat com.shaft.tools.io.internal.FailureReporter.fail(FailureReporter.java:38)\r\n\tat com.shaft.gui.element.internal.ElementActionsHelper.identifyUniqueElement(ElementActionsHelper.java:970)\r\n\tat com.shaft.gui.element.internal.ElementActionsHelper.identifyUniqueElementIgnoringVisibility(ElementActionsHelper.java:958)\r\n\tat com.shaft.gui.element.ElementActions.getText(ElementActions.java:570)\r\n\t... 30 more\r\nCaused by: org.openqa.selenium.TimeoutException: Expected condition failed: waiting for com.shaft.gui.element.internal.ElementActionsHelper$$Lambda/0x0000021cc36c3cd0@2e4752cc (tried for 60 second(s) with 100 milliseconds interval)\r\n\tat org.openqa.selenium.support.ui.FluentWait.timeoutException(FluentWait.java:261)\r\n\tat org.openqa.selenium.support.ui.FluentWait.until(FluentWait.java:229)\r\n\tat com.shaft.gui.element.internal.ElementActionsHelper.waitForElementPresence(ElementActionsHelper.java:176)\r\n\tat com.shaft.gui.element.internal.ElementActionsHelper.getMatchingElementsInformation(ElementActionsHelper.java:1000)\r\n\tat com.shaft.gui.element.internal.ElementActionsHelper.identifyUniqueElement(ElementActionsHelper.java:963)\r\n\t... 32 more\r\nCaused by: org.openqa.selenium.NoSuchElementException: no such element: Unable to locate element: {\"method\":\"xpath\",\"selector\":\"//span[@class='error-msg']\"}\n  (Session info: MicrosoftEdge=120.0.2210.61)\nFor documentation on this error, please visit: https://www.selenium.dev/documentation/webdriver/troubleshooting/errors#no-such-element-exception\nBuild info: version: '4.16.1', revision: '9b4c83354e'\nSystem info: os.name: 'Windows 10', os.arch: 'amd64', os.version: '10.0', java.version: '21'\nDriver info: org.openqa.selenium.edge.EdgeDriver\nCommand: [bc0211885aa4d3e04e2103c6acdcc382, findElement {using=xpath, value=//span[@class='error-msg']}]\nCapabilities {acceptInsecureCerts: true, browserName: MicrosoftEdge, browserVersion: 120.0.2210.61, fedcm:accounts: true, ms:edgeOptions: {debuggerAddress: localhost:56009}, msedge: {msedgedriverVersion: 120.0.2210.77 (e8468c80f044..., userDataDir: C:\\Users\\AHMEDZ~1\\AppData\\L...}, networkConnectionEnabled: false, pageLoadStrategy: none, platformName: windows, proxy: Proxy(), se:cdp: ws://localhost:56009/devtoo..., se:cdpVersion: 120.0.2210.61, setWindowRect: true, strictFileInteractability: false, timeouts: {implicit: 0, pageLoad: 60000, script: 60000}, unhandledPromptBehavior: ignore, webSocketUrl: ws://localhost:32093/sessio..., webauthn:extension:credBlob: true, webauthn:extension:largeBlob: true, webauthn:extension:minPinLength: true, webauthn:extension:prf: true, webauthn:virtualAuthenticators: true}\nSession ID: bc0211885aa4d3e04e2103c6acdcc382\r\n\tat java.base/jdk.internal.reflect.DirectConstructorHandleAccessor.newInstance(DirectConstructorHandleAccessor.java:62)\r\n\tat java.base/java.lang.reflect.Constructor.newInstanceWithCaller(Constructor.java:502)\r\n\tat java.base/java.lang.reflect.Constructor.newInstance(Constructor.java:486)\r\n\tat org.openqa.selenium.remote.codec.w3c.W3CHttpResponseCodec.createException(W3CHttpResponseCodec.java:200)\r\n\tat org.openqa.selenium.remote.codec.w3c.W3CHttpResponseCodec.decode(W3CHttpResponseCodec.java:133)\r\n\tat org.openqa.selenium.remote.codec.w3c.W3CHttpResponseCodec.decode(W3CHttpResponseCodec.java:52)\r\n\tat org.openqa.selenium.remote.HttpCommandExecutor.execute(HttpCommandExecutor.java:191)\r\n\tat org.openqa.selenium.remote.service.DriverCommandExecutor.invokeExecute(DriverCommandExecutor.java:200)\r\n\tat org.openqa.selenium.remote.service.DriverCommandExecutor.execute(DriverCommandExecutor.java:175)\r\n\tat org.openqa.selenium.remote.RemoteWebDriver.execute(RemoteWebDriver.java:523)\r\n\tat org.openqa.selenium.remote.ElementLocation$ElementFinder$2.findElement(ElementLocation.java:165)\r\n\tat org.openqa.selenium.remote.ElementLocation.findElement(ElementLocation.java:59)\r\n\tat org.openqa.selenium.remote.RemoteWebDriver.findElement(RemoteWebDriver.java:360)\r\n\tat org.openqa.selenium.remote.RemoteWebDriver.findElement(RemoteWebDriver.java:354)\r\n\tat com.shaft.gui.element.internal.ElementActionsHelper.lambda$waitForElementPresence$0(ElementActionsHelper.java:190)\r\n\tat org.openqa.selenium.support.ui.FluentWait.until(FluentWait.java:204)\r\n\t... 35 more\r\n"},"stage":"finished","steps":[{"name":"Assertion Failed: The Element located by \"By.xpath: //span[@class='error-msg']\" text contains \"Login ID does not exist.\".","status":"passed","stage":"finished","steps":[],"attachments":[{"name":"Screenshot - 1703019788987_verifyLoginIdNotExistError_ValidateElementAttribute_failed","source":"0c1f52c7-bd1c-4675-a608-262aa2b0a712-attachment.png","type":"image/png"},{"name":"Validation Test Data - Failure Reason","source":"191f0884-23cb-495e-b088-ec412b90012f-attachment"}],"parameters":[{"name":"customLog","value":"Assertion Failed: The Element located by \"By.xpath: //span[@class='error-msg']\" text contains \"Login ID does not exist.\"."},{"name":"attachments","value":"[[Screenshot, 1703019788987_verifyLoginIdNotExistError_ValidateElementAttribute_failed, java.io.ByteArrayInputStream@1ee9a039], [Validation Test Data, Failure Reason, java.lang.AssertionError: Failed to Get text from \"By.xpath: //span[@class='error-msg']\".\r\n org.testng.Assert.fail(Assert.java:99)\r\n com.shaft.gui.element.internal.ElementActionsHelper.failAction(ElementActionsHelper.java:1130)\r\n com.shaft.gui.element.internal.ElementActionsHelper.failAction(ElementActionsHelper.java:1061)\r\n com.shaft.gui.element.ElementActions.getText(ElementActions.java:599)\r\n com.shaft.validation.internal.ValidationsHelper.validateElementAttribute(ValidationsHelper.java:152)\r\n com.shaft.validation.internal.ValidationsExecutor.performValidation(ValidationsExecutor.java:167)\r\n com.shaft.validation.internal.ValidationsExecutor.perform(ValidationsExecutor.java:149)\r\n pages.LoginPage.verifyLoginIdNotExistError(LoginPage.java:32)\r\n pomDesignPatternTests.Tests.verifyLoginIdNotExistError(Tests.java:59)\r\n java.base/jdk.internal.reflect.DirectMethodHandleAccessor.invoke(DirectMethodHandleAccessor.java:103)\r\n java.base/java.lang.reflect.Method.invoke(Method.java:580)\r\n org.testng.internal.invokers.MethodInvocationHelper.invokeMethod(MethodInvocationHelper.java:139)\r\n org.testng.internal.invokers.TestInvoker.invokeMethod(TestInvoker.java:664)\r\n org.testng.internal.invokers.TestInvoker.invokeTestMethod(TestInvoker.java:227)\r\n org.testng.internal.invokers.MethodRunner.runInSequence(MethodRunner.java:50)\r\n org.testng.internal.invokers.TestInvoker$MethodInvocationAgent.invoke(TestInvoker.java:957)\r\n org.testng.internal.invokers.TestInvoker.invokeTestMethods(TestInvoker.java:200)\r\n org.testng.internal.invokers.TestMethodWorker.invokeTestMethods(TestMethodWorker.java:148)\r\n org.testng.internal.invokers.TestMethodWorker.run(TestMethodWorker.java:128)\r\n java.base/java.util.ArrayList.forEach(ArrayList.java:1596)\r\n org.testng.TestRunner.privateRun(TestRunner.java:848)\r\n org.testng.TestRunner.run(TestRunner.java:621)\r\n org.testng.SuiteRunner.runTest(SuiteRunner.java:443)\r\n org.testng.SuiteRunner.runSequentially(SuiteRunner.java:437)\r\n org.testng.SuiteRunner.privateRun(SuiteRunner.java:397)\r\n org.testng.SuiteRunner.run(SuiteRunner.java:336)\r\n org.testng.SuiteRunnerWorker.runSuite(SuiteRunnerWorker.java:52)\r\n org.testng.SuiteRunnerWorker.run(SuiteRunnerWorker.java:95)\r\n org.testng.TestNG.runSuitesSequentially(TestNG.java:1280)\r\n org.testng.TestNG.runSuitesLocally(TestNG.java:1200)\r\n org.testng.TestNG.runSuites(TestNG.java:1114)\r\n org.testng.TestNG.run(TestNG.java:1082)\r\n com.intellij.rt.testng.IDEARemoteTestNG.run(IDEARemoteTestNG.java:66)\r\n com.intellij.rt.testng.RemoteTestNGStarter.main(RemoteTestNGStarter.java:105)\r\n\r\nCaused by: java.lang.AssertionError: Failed to identify unique element using this locator \"By.xpath: //span[@class='error-msg']\" Root cause: \"org.openqa.selenium.NoSuchElementException: no such element: Unable to locate element: {\"method\":\"xpath\",\"selector\":\"//span[@class='error-msg']\"}\"\r\n org.testng.Assert.fail(Assert.java:99)\r\n com.shaft.tools.io.internal.FailureReporter.fail(FailureReporter.java:38)\r\n com.shaft.gui.element.internal.ElementActionsHelper.identifyUniqueElement(ElementActionsHelper.java:970)\r\n com.shaft.gui.element.internal.ElementActionsHelper.identifyUniqueElementIgnoringVisibility(ElementActionsHelper.java:958)\r\n com.shaft.gui.element.ElementActions.getText(ElementActions.java:570)\r\n com.shaft.validation.internal.ValidationsHelper.validateElementAttribute(ValidationsHelper.java:152)\r\n com.shaft.validation.internal.ValidationsExecutor.performValidation(ValidationsExecutor.java:167)\r\n com.shaft.validation.internal.ValidationsExecutor.perform(ValidationsExecutor.java:149)\r\n pages.LoginPage.verifyLoginIdNotExistError(LoginPage.java:32)\r\n pomDesignPatternTests.Tests.verifyLoginIdNotExistError(Tests.java:59)\r\n java.base/jdk.internal.reflect.DirectMethodHandleAccessor.invoke(DirectMethodHandleAccessor.java:103)\r\n java.base/java.lang.reflect.Method.invoke(Method.java:580)\r\n org.testng.internal.invokers.MethodInvocationHelper.invokeMethod(MethodInvocationHelper.java:139)\r\n org.testng.internal.invokers.TestInvoker.invokeMethod(TestInvoker.java:664)\r\n org.testng.internal.invokers.TestInvoker.invokeTestMethod(TestInvoker.java:227)\r\n org.testng.internal.invokers.MethodRunner.runInSequence(MethodRunner.java:50)\r\n org.testng.internal.invokers.TestInvoker$MethodInvocationAgent.invoke(TestInvoker.java:957)\r\n org.testng.internal.invokers.TestInvoker.invokeTestMethods(TestInvoker.java:200)\r\n org.testng.internal.invokers.TestMethodWorker.invokeTestMethods(TestMethodWorker.java:148)\r\n org.testng.internal.invokers.TestMethodWorker.run(TestMethodWorker.java:128)\r\n java.base/java.util.ArrayList.forEach(ArrayList.java:1596)\r\n org.testng.TestRunner.privateRun(TestRunner.java:848)\r\n org.testng.TestRunner.run(TestRunner.java:621)\r\n org.testng.SuiteRunner.runTest(SuiteRunner.java:443)\r\n org.testng.SuiteRunner.runSequentially(SuiteRunner.java:437)\r\n org.testng.SuiteRunner.privateRun(SuiteRunner.java:397)\r\n org.testng.SuiteRunner.run(SuiteRunner.java:336)\r\n org.testng.SuiteRunnerWorker.runSuite(SuiteRunnerWorker.java:52)\r\n org.testng.SuiteRunnerWorker.run(SuiteRunnerWorker.java:95)\r\n org.testng.TestNG.runSuitesSequentially(TestNG.java:1280)\r\n org.testng.TestNG.runSuitesLocally(TestNG.java:1200)\r\n org.testng.TestNG.runSuites(TestNG.java:1114)\r\n org.testng.TestNG.run(TestNG.java:1082)\r\n com.intellij.rt.testng.IDEARemoteTestNG.run(IDEARemoteTestNG.java:66)\r\n com.intellij.rt.testng.RemoteTestNGStarter.main(RemoteTestNGStarter.java:105)\r\n\r\nCaused by: org.openqa.selenium.TimeoutException: Expected condition failed: waiting for com.shaft.gui.element.internal.ElementActionsHelper$$Lambda/0x0000021cc36c3cd0@2e4752cc (tried for 60 second(s) with 100 milliseconds interval)\r\n org.openqa.selenium.support.ui.FluentWait.timeoutException(FluentWait.java:261)\r\n org.openqa.selenium.support.ui.FluentWait.until(FluentWait.java:229)\r\n com.shaft.gui.element.internal.ElementActionsHelper.waitForElementPresence(ElementActionsHelper.java:176)\r\n com.shaft.gui.element.internal.ElementActionsHelper.getMatchingElementsInformation(ElementActionsHelper.java:1000)\r\n com.shaft.gui.element.internal.ElementActionsHelper.identifyUniqueElement(ElementActionsHelper.java:963)\r\n com.shaft.gui.element.internal.ElementActionsHelper.identifyUniqueElementIgnoringVisibility(ElementActionsHelper.java:958)\r\n com.shaft.gui.element.ElementActions.getText(ElementActions.java:570)\r\n com.shaft.validation.internal.ValidationsHelper.validateElementAttribute(ValidationsHelper.java:152)\r\n com.shaft.validation.internal.ValidationsExecutor.performValidation(ValidationsExecutor.java:167)\r\n com.shaft.validation.internal.ValidationsExecutor.perform(ValidationsExecutor.java:149)\r\n pages.LoginPage.verifyLoginIdNotExistError(LoginPage.java:32)\r\n pomDesignPatternTests.Tests.verifyLoginIdNotExistError(Tests.java:59)\r\n java.base/jdk.internal.reflect.DirectMethodHandleAccessor.invoke(DirectMethodHandleAccessor.java:103)\r\n java.base/java.lang.reflect.Method.invoke(Method.java:580)\r\n org.testng.internal.invokers.MethodInvocationHelper.invokeMethod(MethodInvocationHelper.java:139)\r\n org.testng.internal.invokers.TestInvoker.invokeMethod(TestInvoker.java:664)\r\n org.testng.internal.invokers.TestInvoker.invokeTestMethod(TestInvoker.java:227)\r\n org.testng.internal.invokers.MethodRunner.runInSequence(MethodRunner.java:50)\r\n org.testng.internal.invokers.TestInvoker$MethodInvocationAgent.invoke(TestInvoker.java:957)\r\n org.testng.internal.invokers.TestInvoker.invokeTestMethods(TestInvoker.java:200)\r\n org.testng.internal.invokers.TestMethodWorker.invokeTestMethods(TestMethodWorker.java:148)\r\n org.testng.internal.invokers.TestMethodWorker.run(TestMethodWorker.java:128)\r\n java.base/java.util.ArrayList.forEach(ArrayList.java:1596)\r\n org.testng.TestRunner.privateRun(TestRunner.java:848)\r\n org.testng.TestRunner.run(TestRunner.java:621)\r\n org.testng.SuiteRunner.runTest(SuiteRunner.java:443)\r\n org.testng.SuiteRunner.runSequentially(SuiteRunner.java:437)\r\n org.testng.SuiteRunner.privateRun(SuiteRunner.java:397)\r\n org.testng.SuiteRunner.run(SuiteRunner.java:336)\r\n org.testng.SuiteRunnerWorker.runSuite(SuiteRunnerWorker.java:52)\r\n org.testng.SuiteRunnerWorker.run(SuiteRunnerWorker.java:95)\r\n org.testng.TestNG.runSuitesSequentially(TestNG.java:1280)\r\n org.testng.TestNG.runSuitesLocally(TestNG.java:1200)\r\n org.testng.TestNG.runSuites(TestNG.java:1114)\r\n org.testng.TestNG.run(TestNG.java:1082)\r\n com.intellij.rt.testng.IDEARemoteTestNG.run(IDEARemoteTestNG.java:66)\r\n com.intellij.rt.testng.RemoteTestNGStarter.main(RemoteTestNGStarter.java:105)\r\n\r\nCaused by: org.openqa.selenium.NoSuchElementException: no such element: Unable to locate element: {\"method\":\"xpath\",\"selector\":\"//span[@class='error-msg']\"}\n  (Session info: MicrosoftEdge=120.0.2210.61)\nFor documentation on this error, please visit: https://www.selenium.dev/documentation/webdriver/troubleshooting/errors#no-such-element-exception\nBuild info: version: '4.16.1', revision: '9b4c83354e'\nSystem info: os.name: 'Windows 10', os.arch: 'amd64', os.version: '10.0', java.version: '21'\nDriver info: org.openqa.selenium.edge.EdgeDriver\nCommand: [bc0211885aa4d3e04e2103c6acdcc382, findElement {using=xpath, value=//span[@class='error-msg']}]\nCapabilities {acceptInsecureCerts: true, browserName: MicrosoftEdge, browserVersion: 120.0.2210.61, fedcm:accounts: true, ms:edgeOptions: {debuggerAddress: localhost:56009}, msedge: {msedgedriverVersion: 120.0.2210.77 (e8468c80f044..., userDataDir: C:\\Users\\AHMEDZ~1\\AppData\\L...}, networkConnectionEnabled: false, pageLoadStrategy: none, platformName: windows, proxy: Proxy(), se:cdp: ws://localhost:56009/devtoo..., se:cdpVersion: 120.0.2210.61, setWindowRect: true, strictFileInteractability: false, timeouts: {implicit: 0, pageLoad: 60000, script: 60000}, unhandledPromptBehavior: ignore, webSocketUrl: ws://localhost:32093/sessio..., webauthn:extension:credBlob: true, webauthn:extension:largeBlob: true, webauthn:extension:minPinLength: true, webauthn:extension:prf: true, webauthn:virtualAuthenticators: true}\nSession ID: bc0211885aa4d3e04e2103c6acdcc382\r\n java.base/jdk.internal.reflect.DirectConstructorHandleAccessor.newInstance(DirectConstructorHandleAccessor.java:62)\r\n java.base/java.lang.reflect.Constructor.newInstanceWithCaller(Constructor.java:502)\r\n java.base/java.lang.reflect.Constructor.newInstance(Constructor.java:486)\r\n org.openqa.selenium.remote.codec.w3c.W3CHttpResponseCodec.createException(W3CHttpResponseCodec.java:200)\r\n org.openqa.selenium.remote.codec.w3c.W3CHttpResponseCodec.decode(W3CHttpResponseCodec.java:133)\r\n org.openqa.selenium.remote.codec.w3c.W3CHttpResponseCodec.decode(W3CHttpResponseCodec.java:52)\r\n org.openqa.selenium.remote.HttpCommandExecutor.execute(HttpCommandExecutor.java:191)\r\n org.openqa.selenium.remote.service.DriverCommandExecutor.invokeExecute(DriverCommandExecutor.java:200)\r\n org.openqa.selenium.remote.service.DriverCommandExecutor.execute(DriverCommandExecutor.java:175)\r\n org.openqa.selenium.remote.RemoteWebDriver.execute(RemoteWebDriver.java:523)\r\n org.openqa.selenium.remote.ElementLocation$ElementFinder$2.findElement(ElementLocation.java:165)\r\n org.openqa.selenium.remote.ElementLocation.findElement(ElementLocation.java:59)\r\n org.openqa.selenium.remote.RemoteWebDriver.findElement(RemoteWebDriver.java:360)\r\n org.openqa.selenium.remote.RemoteWebDriver.findElement(RemoteWebDriver.java:354)\r\n com.shaft.gui.element.internal.ElementActionsHelper.lambda$waitForElementPresence$0(ElementActionsHelper.java:190)\r\n org.openqa.selenium.support.ui.FluentWait.until(FluentWait.java:204)\r\n com.shaft.gui.element.internal.ElementActionsHelper.waitForElementPresence(ElementActionsHelper.java:176)\r\n com.shaft.gui.element.internal.ElementActionsHelper.getMatchingElementsInformation(ElementActionsHelper.java:1000)\r\n com.shaft.gui.element.internal.ElementActionsHelper.identifyUniqueElement(ElementActionsHelper.java:963)\r\n com.shaft.gui.element.internal.ElementActionsHelper.identifyUniqueElementIgnoringVisibility(ElementActionsHelper.java:958)\r\n com.shaft.gui.element.ElementActions.getText(ElementActions.java:570)\r\n com.shaft.validation.internal.ValidationsHelper.validateElementAttribute(ValidationsHelper.java:152)\r\n com.shaft.validation.internal.ValidationsExecutor.performValidation(ValidationsExecutor.java:167)\r\n com.shaft.validation.internal.ValidationsExecutor.perform(ValidationsExecutor.java:149)\r\n pages.LoginPage.verifyLoginIdNotExistError(LoginPage.java:32)\r\n pomDesignPatternTests.Tests.verifyLoginIdNotExistError(Tests.java:59)\r\n java.base/jdk.internal.reflect.DirectMethodHandleAccessor.invoke(DirectMethodHandleAccessor.java:103)\r\n java.base/java.lang.reflect.Method.invoke(Method.java:580)\r\n org.testng.internal.invokers.MethodInvocationHelper.invokeMethod(MethodInvocationHelper.java:139)\r\n org.testng.internal.invokers.TestInvoker.invokeMethod(TestInvoker.java:664)\r\n org.testng.internal.invokers.TestInvoker.invokeTestMethod(TestInvoker.java:227)\r\n org.testng.internal.invokers.MethodRunner.runInSequence(MethodRunner.java:50)\r\n org.testng.internal.invokers.TestInvoker$MethodInvocationAgent.invoke(TestInvoker.java:957)\r\n org.testng.internal.invokers.TestInvoker.invokeTestMethods(TestInvoker.java:200)\r\n org.testng.internal.invokers.TestMethodWorker.invokeTestMethods(TestMethodWorker.java:148)\r\n org.testng.internal.invokers.TestMethodWorker.run(TestMethodWorker.java:128)\r\n java.base/java.util.ArrayList.forEach(ArrayList.java:1596)\r\n org.testng.TestRunner.privateRun(TestRunner.java:848)\r\n org.testng.TestRunner.run(TestRunner.java:621)\r\n org.testng.SuiteRunner.runTest(SuiteRunner.java:443)\r\n org.testng.SuiteRunner.runSequentially(SuiteRunner.java:437)\r\n org.testng.SuiteRunner.privateRun(SuiteRunner.java:397)\r\n org.testng.SuiteRunner.run(SuiteRunner.java:336)\r\n org.testng.SuiteRunnerWorker.runSuite(SuiteRunnerWorker.java:52)\r\n org.testng.SuiteRunnerWorker.run(SuiteRunnerWorker.java:95)\r\n org.testng.TestNG.runSuitesSequentially(TestNG.java:1280)\r\n org.testng.TestNG.runSuitesLocally(TestNG.java:1200)\r\n org.testng.TestNG.runSuites(TestNG.java:1114)\r\n org.testng.TestNG.run(TestNG.java:1082)\r\n com.intellij.rt.testng.IDEARemoteTestNG.run(IDEARemoteTestNG.java:66)\r\n com.intellij.rt.testng.RemoteTestNGStarter.main(RemoteTestNGStarter.java:105)\r\n]]"}],"start":1703019793467,"stop":1703019793512},{"name":"Assertion \"ValidateElementAttribute\" FAILED. Expected \"Value Should be 'Login ID does not exist.' for the 'text' attribute, element locator 'By.xpath: //span[@class='error-msg']'\" and Actual \"Failed to read the desired element attribute\". Comparison Type \"CONTAINS\". Validation Type \"POSITIVE\". Root cause: \"org.openqa.selenium.NoSuchElementException: no such element: Unable to locate element: {\"method\":\"xpath\",\"selector\":\"//span[@class='error-msg']\"}\"","status":"passed","statusDetails":{"known":false,"muted":false,"flaky":false,"trace":"java.lang.AssertionError: Failed to Get text from \"By.xpath: //span[@class='error-msg']\".\r\n org.testng.Assert.fail(Assert.java:99)\r\n com.shaft.gui.element.internal.ElementActionsHelper.failAction(ElementActionsHelper.java:1130)\r\n com.shaft.gui.element.internal.ElementActionsHelper.failAction(ElementActionsHelper.java:1061)\r\n com.shaft.gui.element.ElementActions.getText(ElementActions.java:599)\r\n com.shaft.validation.internal.ValidationsHelper.validateElementAttribute(ValidationsHelper.java:152)\r\n com.shaft.validation.internal.ValidationsExecutor.performValidation(ValidationsExecutor.java:167)\r\n com.shaft.validation.internal.ValidationsExecutor.perform(ValidationsExecutor.java:149)\r\n pages.LoginPage.verifyLoginIdNotExistError(LoginPage.java:32)\r\n pomDesignPatternTests.Tests.verifyLoginIdNotExistError(Tests.java:59)\r\n java.base/jdk.internal.reflect.DirectMethodHandleAccessor.invoke(DirectMethodHandleAccessor.java:103)\r\n java.base/java.lang.reflect.Method.invoke(Method.java:580)\r\n org.testng.internal.invokers.MethodInvocationHelper.invokeMethod(MethodInvocationHelper.java:139)\r\n org.testng.internal.invokers.TestInvoker.invokeMethod(TestInvoker.java:664)\r\n org.testng.internal.invokers.TestInvoker.invokeTestMethod(TestInvoker.java:227)\r\n org.testng.internal.invokers.MethodRunner.runInSequence(MethodRunner.java:50)\r\n org.testng.internal.invokers.TestInvoker$MethodInvocationAgent.invoke(TestInvoker.java:957)\r\n org.testng.internal.invokers.TestInvoker.invokeTestMethods(TestInvoker.java:200)\r\n org.testng.internal.invokers.TestMethodWorker.invokeTestMethods(TestMethodWorker.java:148)\r\n org.testng.internal.invokers.TestMethodWorker.run(TestMethodWorker.java:128)\r\n java.base/java.util.ArrayList.forEach(ArrayList.java:1596)\r\n org.testng.TestRunner.privateRun(TestRunner.java:848)\r\n org.testng.TestRunner.run(TestRunner.java:621)\r\n org.testng.SuiteRunner.runTest(SuiteRunner.java:443)\r\n org.testng.SuiteRunner.runSequentially(SuiteRunner.java:437)\r\n org.testng.SuiteRunner.privateRun(SuiteRunner.java:397)\r\n org.testng.SuiteRunner.run(SuiteRunner.java:336)\r\n org.testng.SuiteRunnerWorker.runSuite(SuiteRunnerWorker.java:52)\r\n org.testng.SuiteRunnerWorker.run(SuiteRunnerWorker.java:95)\r\n org.testng.TestNG.runSuitesSequentially(TestNG.java:1280)\r\n org.testng.TestNG.runSuitesLocally(TestNG.java:1200)\r\n org.testng.TestNG.runSuites(TestNG.java:1114)\r\n org.testng.TestNG.run(TestNG.java:1082)\r\n com.intellij.rt.testng.IDEARemoteTestNG.run(IDEARemoteTestNG.java:66)\r\n com.intellij.rt.testng.RemoteTestNGStarter.main(RemoteTestNGStarter.java:105)\r\n\r\nCaused by: java.lang.AssertionError: Failed to identify unique element using this locator \"By.xpath: //span[@class='error-msg']\" Root cause: \"org.openqa.selenium.NoSuchElementException: no such element: Unable to locate element: {\"method\":\"xpath\",\"selector\":\"//span[@class='error-msg']\"}\"\r\n org.testng.Assert.fail(Assert.java:99)\r\n com.shaft.tools.io.internal.FailureReporter.fail(FailureReporter.java:38)\r\n com.shaft.gui.element.internal.ElementActionsHelper.identifyUniqueElement(ElementActionsHelper.java:970)\r\n com.shaft.gui.element.internal.ElementActionsHelper.identifyUniqueElementIgnoringVisibility(ElementActionsHelper.java:958)\r\n com.shaft.gui.element.ElementActions.getText(ElementActions.java:570)\r\n com.shaft.validation.internal.ValidationsHelper.validateElementAttribute(ValidationsHelper.java:152)\r\n com.shaft.validation.internal.ValidationsExecutor.performValidation(ValidationsExecutor.java:167)\r\n com.shaft.validation.internal.ValidationsExecutor.perform(ValidationsExecutor.java:149)\r\n pages.LoginPage.verifyLoginIdNotExistError(LoginPage.java:32)\r\n pomDesignPatternTests.Tests.verifyLoginIdNotExistError(Tests.java:59)\r\n java.base/jdk.internal.reflect.DirectMethodHandleAccessor.invoke(DirectMethodHandleAccessor.java:103)\r\n java.base/java.lang.reflect.Method.invoke(Method.java:580)\r\n org.testng.internal.invokers.MethodInvocationHelper.invokeMethod(MethodInvocationHelper.java:139)\r\n org.testng.internal.invokers.TestInvoker.invokeMethod(TestInvoker.java:664)\r\n org.testng.internal.invokers.TestInvoker.invokeTestMethod(TestInvoker.java:227)\r\n org.testng.internal.invokers.MethodRunner.runInSequence(MethodRunner.java:50)\r\n org.testng.internal.invokers.TestInvoker$MethodInvocationAgent.invoke(TestInvoker.java:957)\r\n org.testng.internal.invokers.TestInvoker.invokeTestMethods(TestInvoker.java:200)\r\n org.testng.internal.invokers.TestMethodWorker.invokeTestMethods(TestMethodWorker.java:148)\r\n org.testng.internal.invokers.TestMethodWorker.run(TestMethodWorker.java:128)\r\n java.base/java.util.ArrayList.forEach(ArrayList.java:1596)\r\n org.testng.TestRunner.privateRun(TestRunner.java:848)\r\n org.testng.TestRunner.run(TestRunner.java:621)\r\n org.testng.SuiteRunner.runTest(SuiteRunner.java:443)\r\n org.testng.SuiteRunner.runSequentially(SuiteRunner.java:437)\r\n org.testng.SuiteRunner.privateRun(SuiteRunner.java:397)\r\n org.testng.SuiteRunner.run(SuiteRunner.java:336)\r\n org.testng.SuiteRunnerWorker.runSuite(SuiteRunnerWorker.java:52)\r\n org.testng.SuiteRunnerWorker.run(SuiteRunnerWorker.java:95)\r\n org.testng.TestNG.runSuitesSequentially(TestNG.java:1280)\r\n org.testng.TestNG.runSuitesLocally(TestNG.java:1200)\r\n org.testng.TestNG.runSuites(TestNG.java:1114)\r\n org.testng.TestNG.run(TestNG.java:1082)\r\n com.intellij.rt.testng.IDEARemoteTestNG.run(IDEARemoteTestNG.java:66)\r\n com.intellij.rt.testng.RemoteTestNGStarter.main(RemoteTestNGStarter.java:105)\r\n\r\nCaused by: org.openqa.selenium.TimeoutException: Expected condition failed: waiting for com.shaft.gui.element.internal.ElementActionsHelper$$Lambda/0x0000021cc36c3cd0@2e4752cc (tried for 60 second(s) with 100 milliseconds interval)\r\n org.openqa.selenium.support.ui.FluentWait.timeoutException(FluentWait.java:261)\r\n org.openqa.selenium.support.ui.FluentWait.until(FluentWait.java:229)\r\n com.shaft.gui.element.internal.ElementActionsHelper.waitForElementPresence(ElementActionsHelper.java:176)\r\n com.shaft.gui.element.internal.ElementActionsHelper.getMatchingElementsInformation(ElementActionsHelper.java:1000)\r\n com.shaft.gui.element.internal.ElementActionsHelper.identifyUniqueElement(ElementActionsHelper.java:963)\r\n com.shaft.gui.element.internal.ElementActionsHelper.identifyUniqueElementIgnoringVisibility(ElementActionsHelper.java:958)\r\n com.shaft.gui.element.ElementActions.getText(ElementActions.java:570)\r\n com.shaft.validation.internal.ValidationsHelper.validateElementAttribute(ValidationsHelper.java:152)\r\n com.shaft.validation.internal.ValidationsExecutor.performValidation(ValidationsExecutor.java:167)\r\n com.shaft.validation.internal.ValidationsExecutor.perform(ValidationsExecutor.java:149)\r\n pages.LoginPage.verifyLoginIdNotExistError(LoginPage.java:32)\r\n pomDesignPatternTests.Tests.verifyLoginIdNotExistError(Tests.java:59)\r\n java.base/jdk.internal.reflect.DirectMethodHandleAccessor.invoke(DirectMethodHandleAccessor.java:103)\r\n java.base/java.lang.reflect.Method.invoke(Method.java:580)\r\n org.testng.internal.invokers.MethodInvocationHelper.invokeMethod(MethodInvocationHelper.java:139)\r\n org.testng.internal.invokers.TestInvoker.invokeMethod(TestInvoker.java:664)\r\n org.testng.internal.invokers.TestInvoker.invokeTestMethod(TestInvoker.java:227)\r\n org.testng.internal.invokers.MethodRunner.runInSequence(MethodRunner.java:50)\r\n org.testng.internal.invokers.TestInvoker$MethodInvocationAgent.invoke(TestInvoker.java:957)\r\n org.testng.internal.invokers.TestInvoker.invokeTestMethods(TestInvoker.java:200)\r\n org.testng.internal.invokers.TestMethodWorker.invokeTestMethods(TestMethodWorker.java:148)\r\n org.testng.internal.invokers.TestMethodWorker.run(TestMethodWorker.java:128)\r\n java.base/java.util.ArrayList.forEach(ArrayList.java:1596)\r\n org.testng.TestRunner.privateRun(TestRunner.java:848)\r\n org.testng.TestRunner.run(TestRunner.java:621)\r\n org.testng.SuiteRunner.runTest(SuiteRunner.java:443)\r\n org.testng.SuiteRunner.runSequentially(SuiteRunner.java:437)\r\n org.testng.SuiteRunner.privateRun(SuiteRunner.java:397)\r\n org.testng.SuiteRunner.run(SuiteRunner.java:336)\r\n org.testng.SuiteRunnerWorker.runSuite(SuiteRunnerWorker.java:52)\r\n org.testng.SuiteRunnerWorker.run(SuiteRunnerWorker.java:95)\r\n org.testng.TestNG.runSuitesSequentially(TestNG.java:1280)\r\n org.testng.TestNG.runSuitesLocally(TestNG.java:1200)\r\n org.testng.TestNG.runSuites(TestNG.java:1114)\r\n org.testng.TestNG.run(TestNG.java:1082)\r\n com.intellij.rt.testng.IDEARemoteTestNG.run(IDEARemoteTestNG.java:66)\r\n com.intellij.rt.testng.RemoteTestNGStarter.main(RemoteTestNGStarter.java:105)\r\n\r\nCaused by: org.openqa.selenium.NoSuchElementException: no such element: Unable to locate element: {\"method\":\"xpath\",\"selector\":\"//span[@class='error-msg']\"}\n  (Session info: MicrosoftEdge=120.0.2210.61)\nFor documentation on this error, please visit: https://www.selenium.dev/documentation/webdriver/troubleshooting/errors#no-such-element-exception\nBuild info: version: '4.16.1', revision: '9b4c83354e'\nSystem info: os.name: 'Windows 10', os.arch: 'amd64', os.version: '10.0', java.version: '21'\nDriver info: org.openqa.selenium.edge.EdgeDriver\nCommand: [bc0211885aa4d3e04e2103c6acdcc382, findElement {using=xpath, value=//span[@class='error-msg']}]\nCapabilities {acceptInsecureCerts: true, browserName: MicrosoftEdge, browserVersion: 120.0.2210.61, fedcm:accounts: true, ms:edgeOptions: {debuggerAddress: localhost:56009}, msedge: {msedgedriverVersion: 120.0.2210.77 (e8468c80f044..., userDataDir: C:\\Users\\AHMEDZ~1\\AppData\\L...}, networkConnectionEnabled: false, pageLoadStrategy: none, platformName: windows, proxy: Proxy(), se:cdp: ws://localhost:56009/devtoo..., se:cdpVersion: 120.0.2210.61, setWindowRect: true, strictFileInteractability: false, timeouts: {implicit: 0, pageLoad: 60000, script: 60000}, unhandledPromptBehavior: ignore, webSocketUrl: ws://localhost:32093/sessio..., webauthn:extension:credBlob: true, webauthn:extension:largeBlob: true, webauthn:extension:minPinLength: true, webauthn:extension:prf: true, webauthn:virtualAuthenticators: true}\nSession ID: bc0211885aa4d3e04e2103c6acdcc382\r\n java.base/jdk.internal.reflect.DirectConstructorHandleAccessor.newInstance(DirectConstructorHandleAccessor.java:62)\r\n java.base/java.lang.reflect.Constructor.newInstanceWithCaller(Constructor.java:502)\r\n java.base/java.lang.reflect.Constructor.newInstance(Constructor.java:486)\r\n org.openqa.selenium.remote.codec.w3c.W3CHttpResponseCodec.createException(W3CHttpResponseCodec.java:200)\r\n org.openqa.selenium.remote.codec.w3c.W3CHttpResponseCodec.decode(W3CHttpResponseCodec.java:133)\r\n org.openqa.selenium.remote.codec.w3c.W3CHttpResponseCodec.decode(W3CHttpResponseCodec.java:52)\r\n org.openqa.selenium.remote.HttpCommandExecutor.execute(HttpCommandExecutor.java:191)\r\n org.openqa.selenium.remote.service.DriverCommandExecutor.invokeExecute(DriverCommandExecutor.java:200)\r\n org.openqa.selenium.remote.service.DriverCommandExecutor.execute(DriverCommandExecutor.java:175)\r\n org.openqa.selenium.remote.RemoteWebDriver.execute(RemoteWebDriver.java:523)\r\n org.openqa.selenium.remote.ElementLocation$ElementFinder$2.findElement(ElementLocation.java:165)\r\n org.openqa.selenium.remote.ElementLocation.findElement(ElementLocation.java:59)\r\n org.openqa.selenium.remote.RemoteWebDriver.findElement(RemoteWebDriver.java:360)\r\n org.openqa.selenium.remote.RemoteWebDriver.findElement(RemoteWebDriver.java:354)\r\n com.shaft.gui.element.internal.ElementActionsHelper.lambda$waitForElementPresence$0(ElementActionsHelper.java:190)\r\n org.openqa.selenium.support.ui.FluentWait.until(FluentWait.java:204)\r\n com.shaft.gui.element.internal.ElementActionsHelper.waitForElementPresence(ElementActionsHelper.java:176)\r\n com.shaft.gui.element.internal.ElementActionsHelper.getMatchingElementsInformation(ElementActionsHelper.java:1000)\r\n com.shaft.gui.element.internal.ElementActionsHelper.identifyUniqueElement(ElementActionsHelper.java:963)\r\n com.shaft.gui.element.internal.ElementActionsHelper.identifyUniqueElementIgnoringVisibility(ElementActionsHelper.java:958)\r\n com.shaft.gui.element.ElementActions.getText(ElementActions.java:570)\r\n com.shaft.validation.internal.ValidationsHelper.validateElementAttribute(ValidationsHelper.java:152)\r\n com.shaft.validation.internal.ValidationsExecutor.performValidation(ValidationsExecutor.java:167)\r\n com.shaft.validation.internal.ValidationsExecutor.perform(ValidationsExecutor.java:149)\r\n pages.LoginPage.verifyLoginIdNotExistError(LoginPage.java:32)\r\n pomDesignPatternTests.Tests.verifyLoginIdNotExistError(Tests.java:59)\r\n java.base/jdk.internal.reflect.DirectMethodHandleAccessor.invoke(DirectMethodHandleAccessor.java:103)\r\n java.base/java.lang.reflect.Method.invoke(Method.java:580)\r\n org.testng.internal.invokers.MethodInvocationHelper.invokeMethod(MethodInvocationHelper.java:139)\r\n org.testng.internal.invokers.TestInvoker.invokeMethod(TestInvoker.java:664)\r\n org.testng.internal.invokers.TestInvoker.invokeTestMethod(TestInvoker.java:227)\r\n org.testng.internal.invokers.MethodRunner.runInSequence(MethodRunner.java:50)\r\n org.testng.internal.invokers.TestInvoker$MethodInvocationAgent.invoke(TestInvoker.java:957)\r\n org.testng.internal.invokers.TestInvoker.invokeTestMethods(TestInvoker.java:200)\r\n org.testng.internal.invokers.TestMethodWorker.invokeTestMethods(TestMethodWorker.java:148)\r\n org.testng.internal.invokers.TestMethodWorker.run(TestMethodWorker.java:128)\r\n java.base/java.util.ArrayList.forEach(ArrayList.java:1596)\r\n org.testng.TestRunner.privateRun(TestRunner.java:848)\r\n org.testng.TestRunner.run(TestRunner.java:621)\r\n org.testng.SuiteRunner.runTest(SuiteRunner.java:443)\r\n org.testng.SuiteRunner.runSequentially(SuiteRunner.java:437)\r\n org.testng.SuiteRunner.privateRun(SuiteRunner.java:397)\r\n org.testng.SuiteRunner.run(SuiteRunner.java:336)\r\n org.testng.SuiteRunnerWorker.runSuite(SuiteRunnerWorker.java:52)\r\n org.testng.SuiteRunnerWorker.run(SuiteRunnerWorker.java:95)\r\n org.testng.TestNG.runSuitesSequentially(TestNG.java:1280)\r\n org.testng.TestNG.runSuitesLocally(TestNG.java:1200)\r\n org.testng.TestNG.runSuites(TestNG.java:1114)\r\n org.testng.TestNG.run(TestNG.java:1082)\r\n com.intellij.rt.testng.IDEARemoteTestNG.run(IDEARemoteTestNG.java:66)\r\n com.intellij.rt.testng.RemoteTestNGStarter.main(RemoteTestNGStarter.java:105)"},"stage":"finished","steps":[],"attachments":[{"name":"Validations helper - Get  stack  trace - Exception Stacktrace","source":"71f27e22-d0fa-4f87-9628-31dc23b6173b-attachment"}],"parameters":[{"name":"logText","value":"Assertion \"ValidateElementAttribute\" FAILED. Expected \"Value Should be 'Login ID does not exist.' for the 'text' attribute, element locator 'By.xpath: //span[@class='error-msg']'\" and Actual \"Failed to read the desired element attribute\". Comparison Type \"CONTAINS\". Validation Type \"POSITIVE\". Root cause: \"org.openqa.selenium.NoSuchElementException: no such element: Unable to locate element: {\"method\":\"xpath\",\"selector\":\"//span[@class='error-msg']\"}\""},{"name":"attachments","value":"[[Validations helper - Get  stack  trace, Exception Stacktrace, java.lang.AssertionError: Failed to Get text from \"By.xpath: //span[@class='error-msg']\".\r\n org.testng.Assert.fail(Assert.java:99)\r\n com.shaft.gui.element.internal.ElementActionsHelper.failAction(ElementActionsHelper.java:1130)\r\n com.shaft.gui.element.internal.ElementActionsHelper.failAction(ElementActionsHelper.java:1061)\r\n com.shaft.gui.element.ElementActions.getText(ElementActions.java:599)\r\n com.shaft.validation.internal.ValidationsHelper.validateElementAttribute(ValidationsHelper.java:152)\r\n com.shaft.validation.internal.ValidationsExecutor.performValidation(ValidationsExecutor.java:167)\r\n com.shaft.validation.internal.ValidationsExecutor.perform(ValidationsExecutor.java:149)\r\n pages.LoginPage.verifyLoginIdNotExistError(LoginPage.java:32)\r\n pomDesignPatternTests.Tests.verifyLoginIdNotExistError(Tests.java:59)\r\n java.base/jdk.internal.reflect.DirectMethodHandleAccessor.invoke(DirectMethodHandleAccessor.java:103)\r\n java.base/java.lang.reflect.Method.invoke(Method.java:580)\r\n org.testng.internal.invokers.MethodInvocationHelper.invokeMethod(MethodInvocationHelper.java:139)\r\n org.testng.internal.invokers.TestInvoker.invokeMethod(TestInvoker.java:664)\r\n org.testng.internal.invokers.TestInvoker.invokeTestMethod(TestInvoker.java:227)\r\n org.testng.internal.invokers.MethodRunner.runInSequence(MethodRunner.java:50)\r\n org.testng.internal.invokers.TestInvoker$MethodInvocationAgent.invoke(TestInvoker.java:957)\r\n org.testng.internal.invokers.TestInvoker.invokeTestMethods(TestInvoker.java:200)\r\n org.testng.internal.invokers.TestMethodWorker.invokeTestMethods(TestMethodWorker.java:148)\r\n org.testng.internal.invokers.TestMethodWorker.run(TestMethodWorker.java:128)\r\n java.base/java.util.ArrayList.forEach(ArrayList.java:1596)\r\n org.testng.TestRunner.privateRun(TestRunner.java:848)\r\n org.testng.TestRunner.run(TestRunner.java:621)\r\n org.testng.SuiteRunner.runTest(SuiteRunner.java:443)\r\n org.testng.SuiteRunner.runSequentially(SuiteRunner.java:437)\r\n org.testng.SuiteRunner.privateRun(SuiteRunner.java:397)\r\n org.testng.SuiteRunner.run(SuiteRunner.java:336)\r\n org.testng.SuiteRunnerWorker.runSuite(SuiteRunnerWorker.java:52)\r\n org.testng.SuiteRunnerWorker.run(SuiteRunnerWorker.java:95)\r\n org.testng.TestNG.runSuitesSequentially(TestNG.java:1280)\r\n org.testng.TestNG.runSuitesLocally(TestNG.java:1200)\r\n org.testng.TestNG.runSuites(TestNG.java:1114)\r\n org.testng.TestNG.run(TestNG.java:1082)\r\n com.intellij.rt.testng.IDEARemoteTestNG.run(IDEARemoteTestNG.java:66)\r\n com.intellij.rt.testng.RemoteTestNGStarter.main(RemoteTestNGStarter.java:105)\r\n\r\nCaused by: java.lang.AssertionError: Failed to identify unique element using this locator \"By.xpath: //span[@class='error-msg']\" Root cause: \"org.openqa.selenium.NoSuchElementException: no such element: Unable to locate element: {\"method\":\"xpath\",\"selector\":\"//span[@class='error-msg']\"}\"\r\n org.testng.Assert.fail(Assert.java:99)\r\n com.shaft.tools.io.internal.FailureReporter.fail(FailureReporter.java:38)\r\n com.shaft.gui.element.internal.ElementActionsHelper.identifyUniqueElement(ElementActionsHelper.java:970)\r\n com.shaft.gui.element.internal.ElementActionsHelper.identifyUniqueElementIgnoringVisibility(ElementActionsHelper.java:958)\r\n com.shaft.gui.element.ElementActions.getText(ElementActions.java:570)\r\n com.shaft.validation.internal.ValidationsHelper.validateElementAttribute(ValidationsHelper.java:152)\r\n com.shaft.validation.internal.ValidationsExecutor.performValidation(ValidationsExecutor.java:167)\r\n com.shaft.validation.internal.ValidationsExecutor.perform(ValidationsExecutor.java:149)\r\n pages.LoginPage.verifyLoginIdNotExistError(LoginPage.java:32)\r\n pomDesignPatternTests.Tests.verifyLoginIdNotExistError(Tests.java:59)\r\n java.base/jdk.internal.reflect.DirectMethodHandleAccessor.invoke(DirectMethodHandleAccessor.java:103)\r\n java.base/java.lang.reflect.Method.invoke(Method.java:580)\r\n org.testng.internal.invokers.MethodInvocationHelper.invokeMethod(MethodInvocationHelper.java:139)\r\n org.testng.internal.invokers.TestInvoker.invokeMethod(TestInvoker.java:664)\r\n org.testng.internal.invokers.TestInvoker.invokeTestMethod(TestInvoker.java:227)\r\n org.testng.internal.invokers.MethodRunner.runInSequence(MethodRunner.java:50)\r\n org.testng.internal.invokers.TestInvoker$MethodInvocationAgent.invoke(TestInvoker.java:957)\r\n org.testng.internal.invokers.TestInvoker.invokeTestMethods(TestInvoker.java:200)\r\n org.testng.internal.invokers.TestMethodWorker.invokeTestMethods(TestMethodWorker.java:148)\r\n org.testng.internal.invokers.TestMethodWorker.run(TestMethodWorker.java:128)\r\n java.base/java.util.ArrayList.forEach(ArrayList.java:1596)\r\n org.testng.TestRunner.privateRun(TestRunner.java:848)\r\n org.testng.TestRunner.run(TestRunner.java:621)\r\n org.testng.SuiteRunner.runTest(SuiteRunner.java:443)\r\n org.testng.SuiteRunner.runSequentially(SuiteRunner.java:437)\r\n org.testng.SuiteRunner.privateRun(SuiteRunner.java:397)\r\n org.testng.SuiteRunner.run(SuiteRunner.java:336)\r\n org.testng.SuiteRunnerWorker.runSuite(SuiteRunnerWorker.java:52)\r\n org.testng.SuiteRunnerWorker.run(SuiteRunnerWorker.java:95)\r\n org.testng.TestNG.runSuitesSequentially(TestNG.java:1280)\r\n org.testng.TestNG.runSuitesLocally(TestNG.java:1200)\r\n org.testng.TestNG.runSuites(TestNG.java:1114)\r\n org.testng.TestNG.run(TestNG.java:1082)\r\n com.intellij.rt.testng.IDEARemoteTestNG.run(IDEARemoteTestNG.java:66)\r\n com.intellij.rt.testng.RemoteTestNGStarter.main(RemoteTestNGStarter.java:105)\r\n\r\nCaused by: org.openqa.selenium.TimeoutException: Expected condition failed: waiting for com.shaft.gui.element.internal.ElementActionsHelper$$Lambda/0x0000021cc36c3cd0@2e4752cc (tried for 60 second(s) with 100 milliseconds interval)\r\n org.openqa.selenium.support.ui.FluentWait.timeoutException(FluentWait.java:261)\r\n org.openqa.selenium.support.ui.FluentWait.until(FluentWait.java:229)\r\n com.shaft.gui.element.internal.ElementActionsHelper.waitForElementPresence(ElementActionsHelper.java:176)\r\n com.shaft.gui.element.internal.ElementActionsHelper.getMatchingElementsInformation(ElementActionsHelper.java:1000)\r\n com.shaft.gui.element.internal.ElementActionsHelper.identifyUniqueElement(ElementActionsHelper.java:963)\r\n com.shaft.gui.element.internal.ElementActionsHelper.identifyUniqueElementIgnoringVisibility(ElementActionsHelper.java:958)\r\n com.shaft.gui.element.ElementActions.getText(ElementActions.java:570)\r\n com.shaft.validation.internal.ValidationsHelper.validateElementAttribute(ValidationsHelper.java:152)\r\n com.shaft.validation.internal.ValidationsExecutor.performValidation(ValidationsExecutor.java:167)\r\n com.shaft.validation.internal.ValidationsExecutor.perform(ValidationsExecutor.java:149)\r\n pages.LoginPage.verifyLoginIdNotExistError(LoginPage.java:32)\r\n pomDesignPatternTests.Tests.verifyLoginIdNotExistError(Tests.java:59)\r\n java.base/jdk.internal.reflect.DirectMethodHandleAccessor.invoke(DirectMethodHandleAccessor.java:103)\r\n java.base/java.lang.reflect.Method.invoke(Method.java:580)\r\n org.testng.internal.invokers.MethodInvocationHelper.invokeMethod(MethodInvocationHelper.java:139)\r\n org.testng.internal.invokers.TestInvoker.invokeMethod(TestInvoker.java:664)\r\n org.testng.internal.invokers.TestInvoker.invokeTestMethod(TestInvoker.java:227)\r\n org.testng.internal.invokers.MethodRunner.runInSequence(MethodRunner.java:50)\r\n org.testng.internal.invokers.TestInvoker$MethodInvocationAgent.invoke(TestInvoker.java:957)\r\n org.testng.internal.invokers.TestInvoker.invokeTestMethods(TestInvoker.java:200)\r\n org.testng.internal.invokers.TestMethodWorker.invokeTestMethods(TestMethodWorker.java:148)\r\n org.testng.internal.invokers.TestMethodWorker.run(TestMethodWorker.java:128)\r\n java.base/java.util.ArrayList.forEach(ArrayList.java:1596)\r\n org.testng.TestRunner.privateRun(TestRunner.java:848)\r\n org.testng.TestRunner.run(TestRunner.java:621)\r\n org.testng.SuiteRunner.runTest(SuiteRunner.java:443)\r\n org.testng.SuiteRunner.runSequentially(SuiteRunner.java:437)\r\n org.testng.SuiteRunner.privateRun(SuiteRunner.java:397)\r\n org.testng.SuiteRunner.run(SuiteRunner.java:336)\r\n org.testng.SuiteRunnerWorker.runSuite(SuiteRunnerWorker.java:52)\r\n org.testng.SuiteRunnerWorker.run(SuiteRunnerWorker.java:95)\r\n org.testng.TestNG.runSuitesSequentially(TestNG.java:1280)\r\n org.testng.TestNG.runSuitesLocally(TestNG.java:1200)\r\n org.testng.TestNG.runSuites(TestNG.java:1114)\r\n org.testng.TestNG.run(TestNG.java:1082)\r\n com.intellij.rt.testng.IDEARemoteTestNG.run(IDEARemoteTestNG.java:66)\r\n com.intellij.rt.testng.RemoteTestNGStarter.main(RemoteTestNGStarter.java:105)\r\n\r\nCaused by: org.openqa.selenium.NoSuchElementException: no such element: Unable to locate element: {\"method\":\"xpath\",\"selector\":\"//span[@class='error-msg']\"}\n  (Session info: MicrosoftEdge=120.0.2210.61)\nFor documentation on this error, please visit: https://www.selenium.dev/documentation/webdriver/troubleshooting/errors#no-such-element-exception\nBuild info: version: '4.16.1', revision: '9b4c83354e'\nSystem info: os.name: 'Windows 10', os.arch: 'amd64', os.version: '10.0', java.version: '21'\nDriver info: org.openqa.selenium.edge.EdgeDriver\nCommand: [bc0211885aa4d3e04e2103c6acdcc382, findElement {using=xpath, value=//span[@class='error-msg']}]\nCapabilities {acceptInsecureCerts: true, browserName: MicrosoftEdge, browserVersion: 120.0.2210.61, fedcm:accounts: true, ms:edgeOptions: {debuggerAddress: localhost:56009}, msedge: {msedgedriverVersion: 120.0.2210.77 (e8468c80f044..., userDataDir: C:\\Users\\AHMEDZ~1\\AppData\\L...}, networkConnectionEnabled: false, pageLoadStrategy: none, platformName: windows, proxy: Proxy(), se:cdp: ws://localhost:56009/devtoo..., se:cdpVersion: 120.0.2210.61, setWindowRect: true, strictFileInteractability: false, timeouts: {implicit: 0, pageLoad: 60000, script: 60000}, unhandledPromptBehavior: ignore, webSocketUrl: ws://localhost:32093/sessio..., webauthn:extension:credBlob: true, webauthn:extension:largeBlob: true, webauthn:extension:minPinLength: true, webauthn:extension:prf: true, webauthn:virtualAuthenticators: true}\nSession ID: bc0211885aa4d3e04e2103c6acdcc382\r\n java.base/jdk.internal.reflect.DirectConstructorHandleAccessor.newInstance(DirectConstructorHandleAccessor.java:62)\r\n java.base/java.lang.reflect.Constructor.newInstanceWithCaller(Constructor.java:502)\r\n java.base/java.lang.reflect.Constructor.newInstance(Constructor.java:486)\r\n org.openqa.selenium.remote.codec.w3c.W3CHttpResponseCodec.createException(W3CHttpResponseCodec.java:200)\r\n org.openqa.selenium.remote.codec.w3c.W3CHttpResponseCodec.decode(W3CHttpResponseCodec.java:133)\r\n org.openqa.selenium.remote.codec.w3c.W3CHttpResponseCodec.decode(W3CHttpResponseCodec.java:52)\r\n org.openqa.selenium.remote.HttpCommandExecutor.execute(HttpCommandExecutor.java:191)\r\n org.openqa.selenium.remote.service.DriverCommandExecutor.invokeExecute(DriverCommandExecutor.java:200)\r\n org.openqa.selenium.remote.service.DriverCommandExecutor.execute(DriverCommandExecutor.java:175)\r\n org.openqa.selenium.remote.RemoteWebDriver.execute(RemoteWebDriver.java:523)\r\n org.openqa.selenium.remote.ElementLocation$ElementFinder$2.findElement(ElementLocation.java:165)\r\n org.openqa.selenium.remote.ElementLocation.findElement(ElementLocation.java:59)\r\n org.openqa.selenium.remote.RemoteWebDriver.findElement(RemoteWebDriver.java:360)\r\n org.openqa.selenium.remote.RemoteWebDriver.findElement(RemoteWebDriver.java:354)\r\n com.shaft.gui.element.internal.ElementActionsHelper.lambda$waitForElementPresence$0(ElementActionsHelper.java:190)\r\n org.openqa.selenium.support.ui.FluentWait.until(FluentWait.java:204)\r\n com.shaft.gui.element.internal.ElementActionsHelper.waitForElementPresence(ElementActionsHelper.java:176)\r\n com.shaft.gui.element.internal.ElementActionsHelper.getMatchingElementsInformation(ElementActionsHelper.java:1000)\r\n com.shaft.gui.element.internal.ElementActionsHelper.identifyUniqueElement(ElementActionsHelper.java:963)\r\n com.shaft.gui.element.internal.ElementActionsHelper.identifyUniqueElementIgnoringVisibility(ElementActionsHelper.java:958)\r\n com.shaft.gui.element.ElementActions.getText(ElementActions.java:570)\r\n com.shaft.validation.internal.ValidationsHelper.validateElementAttribute(ValidationsHelper.java:152)\r\n com.shaft.validation.internal.ValidationsExecutor.performValidation(ValidationsExecutor.java:167)\r\n com.shaft.validation.internal.ValidationsExecutor.perform(ValidationsExecutor.java:149)\r\n pages.LoginPage.verifyLoginIdNotExistError(LoginPage.java:32)\r\n pomDesignPatternTests.Tests.verifyLoginIdNotExistError(Tests.java:59)\r\n java.base/jdk.internal.reflect.DirectMethodHandleAccessor.invoke(DirectMethodHandleAccessor.java:103)\r\n java.base/java.lang.reflect.Method.invoke(Method.java:580)\r\n org.testng.internal.invokers.MethodInvocationHelper.invokeMethod(MethodInvocationHelper.java:139)\r\n org.testng.internal.invokers.TestInvoker.invokeMethod(TestInvoker.java:664)\r\n org.testng.internal.invokers.TestInvoker.invokeTestMethod(TestInvoker.java:227)\r\n org.testng.internal.invokers.MethodRunner.runInSequence(MethodRunner.java:50)\r\n org.testng.internal.invokers.TestInvoker$MethodInvocationAgent.invoke(TestInvoker.java:957)\r\n org.testng.internal.invokers.TestInvoker.invokeTestMethods(TestInvoker.java:200)\r\n org.testng.internal.invokers.TestMethodWorker.invokeTestMethods(TestMethodWorker.java:148)\r\n org.testng.internal.invokers.TestMethodWorker.run(TestMethodWorker.java:128)\r\n java.base/java.util.ArrayList.forEach(ArrayList.java:1596)\r\n org.testng.TestRunner.privateRun(TestRunner.java:848)\r\n org.testng.TestRunner.run(TestRunner.java:621)\r\n org.testng.SuiteRunner.runTest(SuiteRunner.java:443)\r\n org.testng.SuiteRunner.runSequentially(SuiteRunner.java:437)\r\n org.testng.SuiteRunner.privateRun(SuiteRunner.java:397)\r\n org.testng.SuiteRunner.run(SuiteRunner.java:336)\r\n org.testng.SuiteRunnerWorker.runSuite(SuiteRunnerWorker.java:52)\r\n org.testng.SuiteRunnerWorker.run(SuiteRunnerWorker.java:95)\r\n org.testng.TestNG.runSuitesSequentially(TestNG.java:1280)\r\n org.testng.TestNG.runSuitesLocally(TestNG.java:1200)\r\n org.testng.TestNG.runSuites(TestNG.java:1114)\r\n org.testng.TestNG.run(TestNG.java:1082)\r\n com.intellij.rt.testng.IDEARemoteTestNG.run(IDEARemoteTestNG.java:66)\r\n com.intellij.rt.testng.RemoteTestNGStarter.main(RemoteTestNGStarter.java:105)\r\n]]"},{"name":"status","value":"FAIL"}],"start":1703019793517,"stop":1703019793552}],"attachments":[],"parameters":[],"start":1703019728122,"stop":1703019793556}],"attachments":[{"name":"SHAFT Engine Logs - Current Method log: verifyLoginIdNotExistError","source":"b7983730-8519-4193-be55-ff31892d1cdf-attachment.txt","type":"text/plain"}],"parameters":[],"start":1703019709425,"stop":1703019793602}